{"/home/travis/build/npmtest/node-npmtest-jake/test.js":{"path":"/home/travis/build/npmtest/node-npmtest-jake/test.js","s":{"1":2,"2":2,"3":2,"4":2,"5":2,"6":2,"7":2,"8":1,"9":2,"10":2,"11":1,"12":1,"13":1,"14":1,"15":2,"16":2,"17":2,"18":2,"19":1,"20":1,"21":2,"22":2,"23":2,"24":1,"25":1,"26":1,"27":1,"28":1,"29":1,"30":1,"31":1,"32":1,"33":1,"34":1,"35":1,"36":1,"37":1,"38":1,"39":2,"40":2,"41":1,"42":2,"43":2,"44":1,"45":2,"46":2,"47":1,"48":2,"49":2,"50":1,"51":1,"52":1,"53":1,"54":1},"b":{"1":[2,1,1,1],"2":[1,1,1,1],"3":[1,1],"4":[1,1],"5":[1,1],"6":[1,1],"7":[1,1],"8":[1,1],"9":[1,1],"10":[1,1,1],"11":[1,1],"12":[1,1],"13":[1,1],"14":[1,1],"15":[1,1],"16":[1,1],"17":[1,1]},"f":{"1":2,"2":2,"3":2,"4":2,"5":2,"6":1,"7":1,"8":1,"9":2,"10":2,"11":2,"12":2,"13":1},"fnMap":{"1":{"name":"(anonymous_1)","line":12,"loc":{"start":{"line":12,"column":1},"end":{"line":12,"column":13}}},"2":{"name":"(anonymous_2)","line":19,"loc":{"start":{"line":19,"column":5},"end":{"line":19,"column":17}}},"3":{"name":"(anonymous_3)","line":23,"loc":{"start":{"line":23,"column":24},"end":{"line":23,"column":36}}},"4":{"name":"(anonymous_4)","line":61,"loc":{"start":{"line":61,"column":5},"end":{"line":61,"column":17}}},"5":{"name":"(anonymous_5)","line":82,"loc":{"start":{"line":82,"column":5},"end":{"line":82,"column":17}}},"6":{"name":"(anonymous_6)","line":91,"loc":{"start":{"line":91,"column":77},"end":{"line":94,"column":10}}},"7":{"name":"(anonymous_7)","line":112,"loc":{"start":{"line":112,"column":83},"end":{"line":115,"column":10}},"skip":true},"8":{"name":"(anonymous_8)","line":123,"loc":{"start":{"line":123,"column":77},"end":{"line":126,"column":10}},"skip":true},"9":{"name":"(anonymous_9)","line":139,"loc":{"start":{"line":139,"column":12},"end":{"line":139,"column":40}},"skip":true},"10":{"name":"(anonymous_10)","line":147,"loc":{"start":{"line":147,"column":77},"end":{"line":150,"column":10}},"skip":true},"11":{"name":"(anonymous_11)","line":158,"loc":{"start":{"line":158,"column":83},"end":{"line":161,"column":10}},"skip":true},"12":{"name":"(anonymous_12)","line":169,"loc":{"start":{"line":169,"column":79},"end":{"line":172,"column":10}},"skip":true},"13":{"name":"(anonymous_13)","line":180,"loc":{"start":{"line":180,"column":75},"end":{"line":183,"column":10}},"skip":true}},"statementMap":{"1":{"start":{"line":12,"column":0},"end":{"line":195,"column":5}},"2":{"start":{"line":14,"column":4},"end":{"line":14,"column":14}},"3":{"start":{"line":19,"column":4},"end":{"line":56,"column":9}},"4":{"start":{"line":21,"column":8},"end":{"line":21,"column":19}},"5":{"start":{"line":23,"column":8},"end":{"line":35,"column":13}},"6":{"start":{"line":24,"column":12},"end":{"line":34,"column":13}},"7":{"start":{"line":25,"column":16},"end":{"line":28,"column":30}},"8":{"start":{"line":30,"column":16},"end":{"line":33,"column":27}},"9":{"start":{"line":37,"column":8},"end":{"line":39,"column":21}},"10":{"start":{"line":40,"column":8},"end":{"line":53,"column":9}},"11":{"start":{"line":43,"column":12},"end":{"line":46,"column":14}},"12":{"start":{"line":47,"column":12},"end":{"line":47,"column":18}},"13":{"start":{"line":50,"column":12},"end":{"line":51,"column":46}},"14":{"start":{"line":52,"column":12},"end":{"line":52,"column":18}},"15":{"start":{"line":55,"column":8},"end":{"line":55,"column":35}},"16":{"start":{"line":61,"column":4},"end":{"line":63,"column":9}},"17":{"start":{"line":62,"column":8},"end":{"line":62,"column":15}},"18":{"start":{"line":64,"column":4},"end":{"line":77,"column":5}},"19":{"start":{"line":70,"column":8},"end":{"line":70,"column":14}},"20":{"start":{"line":76,"column":8},"end":{"line":76,"column":14}},"21":{"start":{"line":82,"column":4},"end":{"line":84,"column":9}},"22":{"start":{"line":83,"column":8},"end":{"line":83,"column":15}},"23":{"start":{"line":85,"column":4},"end":{"line":194,"column":5}},"24":{"start":{"line":91,"column":8},"end":{"line":99,"column":10}},"25":{"start":{"line":98,"column":12},"end":{"line":98,"column":35}},"26":{"start":{"line":102,"column":8},"end":{"line":104,"column":63}},"27":{"start":{"line":105,"column":8},"end":{"line":105,"column":14}},"28":{"start":{"line":112,"column":8},"end":{"line":121,"column":10},"skip":true},"29":{"start":{"line":119,"column":12},"end":{"line":119,"column":55},"skip":true},"30":{"start":{"line":120,"column":12},"end":{"line":120,"column":48},"skip":true},"31":{"start":{"line":123,"column":8},"end":{"line":136,"column":10},"skip":true},"32":{"start":{"line":130,"column":12},"end":{"line":130,"column":76},"skip":true},"33":{"start":{"line":131,"column":12},"end":{"line":131,"column":73},"skip":true},"34":{"start":{"line":132,"column":12},"end":{"line":132,"column":74},"skip":true},"35":{"start":{"line":133,"column":12},"end":{"line":133,"column":79},"skip":true},"36":{"start":{"line":134,"column":12},"end":{"line":134,"column":25},"skip":true},"37":{"start":{"line":135,"column":12},"end":{"line":135,"column":45},"skip":true},"38":{"start":{"line":138,"column":8},"end":{"line":145,"column":14},"skip":true},"39":{"start":{"line":143,"column":16},"end":{"line":143,"column":29},"skip":true},"40":{"start":{"line":144,"column":16},"end":{"line":144,"column":55},"skip":true},"41":{"start":{"line":147,"column":8},"end":{"line":156,"column":10},"skip":true},"42":{"start":{"line":154,"column":12},"end":{"line":154,"column":25},"skip":true},"43":{"start":{"line":155,"column":12},"end":{"line":155,"column":45},"skip":true},"44":{"start":{"line":158,"column":8},"end":{"line":167,"column":10},"skip":true},"45":{"start":{"line":165,"column":12},"end":{"line":165,"column":25},"skip":true},"46":{"start":{"line":166,"column":12},"end":{"line":166,"column":48},"skip":true},"47":{"start":{"line":169,"column":8},"end":{"line":178,"column":10},"skip":true},"48":{"start":{"line":176,"column":12},"end":{"line":176,"column":25},"skip":true},"49":{"start":{"line":177,"column":12},"end":{"line":177,"column":46},"skip":true},"50":{"start":{"line":180,"column":8},"end":{"line":189,"column":10},"skip":true},"51":{"start":{"line":187,"column":12},"end":{"line":187,"column":94},"skip":true},"52":{"start":{"line":188,"column":12},"end":{"line":188,"column":48},"skip":true},"53":{"start":{"line":192,"column":8},"end":{"line":192,"column":35},"skip":true},"54":{"start":{"line":193,"column":8},"end":{"line":193,"column":14},"skip":true}},"branchMap":{"1":{"line":25,"type":"binary-expr","locations":[{"start":{"line":25,"column":23},"end":{"line":25,"column":62}},{"start":{"line":26,"column":20},"end":{"line":26,"column":70}},{"start":{"line":27,"column":20},"end":{"line":27,"column":71}},{"start":{"line":28,"column":20},"end":{"line":28,"column":29}}]},"2":{"line":30,"type":"binary-expr","locations":[{"start":{"line":30,"column":23},"end":{"line":30,"column":37}},{"start":{"line":31,"column":20},"end":{"line":31,"column":61}},{"start":{"line":32,"column":20},"end":{"line":32,"column":70}},{"start":{"line":33,"column":20},"end":{"line":33,"column":26}}]},"3":{"line":37,"type":"cond-expr","locations":[{"start":{"line":38,"column":14},"end":{"line":38,"column":20}},{"start":{"line":39,"column":14},"end":{"line":39,"column":20}}]},"4":{"line":40,"type":"switch","locations":[{"start":{"line":42,"column":8},"end":{"line":47,"column":18}},{"start":{"line":49,"column":8},"end":{"line":52,"column":18}}]},"5":{"line":44,"type":"binary-expr","locations":[{"start":{"line":44,"column":16},"end":{"line":44,"column":44}},{"start":{"line":44,"column":48},"end":{"line":44,"column":66}}]},"6":{"line":50,"type":"binary-expr","locations":[{"start":{"line":50,"column":21},"end":{"line":50,"column":49}},{"start":{"line":50,"column":53},"end":{"line":50,"column":72}}]},"7":{"line":64,"type":"switch","locations":[{"start":{"line":69,"column":4},"end":{"line":70,"column":14}},{"start":{"line":75,"column":4},"end":{"line":76,"column":14}}]},"8":{"line":85,"type":"switch","locations":[{"start":{"line":90,"column":4},"end":{"line":105,"column":14}},{"start":{"line":111,"column":4},"end":{"line":193,"column":14},"skip":true}]},"9":{"line":91,"type":"binary-expr","locations":[{"start":{"line":91,"column":42},"end":{"line":91,"column":73}},{"start":{"line":91,"column":77},"end":{"line":99,"column":9}}]},"10":{"line":102,"type":"binary-expr","locations":[{"start":{"line":102,"column":18},"end":{"line":102,"column":32}},{"start":{"line":103,"column":12},"end":{"line":103,"column":53}},{"start":{"line":104,"column":12},"end":{"line":104,"column":61}}]},"11":{"line":112,"type":"binary-expr","locations":[{"start":{"line":112,"column":45},"end":{"line":112,"column":79},"skip":true},{"start":{"line":112,"column":83},"end":{"line":121,"column":9},"skip":true}]},"12":{"line":123,"type":"binary-expr","locations":[{"start":{"line":123,"column":42},"end":{"line":123,"column":73},"skip":true},{"start":{"line":123,"column":77},"end":{"line":136,"column":9},"skip":true}]},"13":{"line":138,"type":"binary-expr","locations":[{"start":{"line":138,"column":48},"end":{"line":138,"column":85},"skip":true},{"start":{"line":139,"column":12},"end":{"line":145,"column":13},"skip":true}]},"14":{"line":147,"type":"binary-expr","locations":[{"start":{"line":147,"column":42},"end":{"line":147,"column":73},"skip":true},{"start":{"line":147,"column":77},"end":{"line":156,"column":9},"skip":true}]},"15":{"line":158,"type":"binary-expr","locations":[{"start":{"line":158,"column":45},"end":{"line":158,"column":79},"skip":true},{"start":{"line":158,"column":83},"end":{"line":167,"column":9},"skip":true}]},"16":{"line":169,"type":"binary-expr","locations":[{"start":{"line":169,"column":43},"end":{"line":169,"column":75},"skip":true},{"start":{"line":169,"column":79},"end":{"line":178,"column":9},"skip":true}]},"17":{"line":180,"type":"binary-expr","locations":[{"start":{"line":180,"column":41},"end":{"line":180,"column":71},"skip":true},{"start":{"line":180,"column":75},"end":{"line":189,"column":9},"skip":true}]}},"code":["/* istanbul instrument in package npmtest_jake */","/*jslint","    bitwise: true,","    browser: true,","    maxerr: 8,","    maxlen: 96,","    node: true,","    nomen: true,","    regexp: true,","    stupid: true","*/","(function () {","    'use strict';","    var local;","","","","    // run shared js-env code - pre-init","    (function () {","        // init local","        local = {};","        // init modeJs","        local.modeJs = (function () {","            try {","                return typeof navigator.userAgent === 'string' &&","                    typeof document.querySelector('body') === 'object' &&","                    typeof XMLHttpRequest.prototype.open === 'function' &&","                    'browser';","            } catch (errorCaughtBrowser) {","                return module.exports &&","                    typeof process.versions.node === 'string' &&","                    typeof require('http').createServer === 'function' &&","                    'node';","            }","        }());","        // init global","        local.global = local.modeJs === 'browser'","            ? window","            : global;","        switch (local.modeJs) {","        // re-init local from window.local","        case 'browser':","            local = local.global.utility2.objectSetDefault(","                local.global.utility2_rollup || local.global.local,","                local.global.utility2","            );","            break;","        // re-init local from example.js","        case 'node':","            local = (local.global.utility2_rollup || require('utility2'))","                .requireExampleJsFromReadme();","            break;","        }","        // export local","        local.global.local = local;","    }());","","","","    // run shared js-env code - function","    (function () {","        return;","    }());","    switch (local.modeJs) {","","","","    // run browser js-env code - function","    case 'browser':","        break;","","","","    // run node js-env code - function","    case 'node':","        break;","    }","","","","    // run shared js-env code - post-init","    (function () {","        return;","    }());","    switch (local.modeJs) {","","","","    // run browser js-env code - post-init","    case 'browser':","        local.testCase_browser_nullCase = local.testCase_browser_nullCase || function (","            options,","            onError","        ) {","        /*","         * this function will test browsers's null-case handling-behavior-behavior","         */","            onError(null, options);","        };","","        // run tests","        local.nop(local.modeTest &&","            document.querySelector('#testRunButton1') &&","            document.querySelector('#testRunButton1').click());","        break;","","","","    // run node js-env code - post-init","    /* istanbul ignore next */","    case 'node':","        local.testCase_buildApidoc_default = local.testCase_buildApidoc_default || function (","            options,","            onError","        ) {","        /*","         * this function will test buildApidoc's default handling-behavior-behavior","         */","            options = { modulePathList: module.paths };","            local.buildApidoc(options, onError);","        };","","        local.testCase_buildApp_default = local.testCase_buildApp_default || function (","            options,","            onError","        ) {","        /*","         * this function will test buildApp's default handling-behavior-behavior","         */","            local.testCase_buildReadme_default(options, local.onErrorThrow);","            local.testCase_buildLib_default(options, local.onErrorThrow);","            local.testCase_buildTest_default(options, local.onErrorThrow);","            local.testCase_buildCustomOrg_default(options, local.onErrorThrow);","            options = [];","            local.buildApp(options, onError);","        };","","        local.testCase_buildCustomOrg_default = local.testCase_buildCustomOrg_default ||","            function (options, onError) {","            /*","             * this function will test buildCustomOrg's default handling-behavior","             */","                options = {};","                local.buildCustomOrg(options, onError);","            };","","        local.testCase_buildLib_default = local.testCase_buildLib_default || function (","            options,","            onError","        ) {","        /*","         * this function will test buildLib's default handling-behavior","         */","            options = {};","            local.buildLib(options, onError);","        };","","        local.testCase_buildReadme_default = local.testCase_buildReadme_default || function (","            options,","            onError","        ) {","        /*","         * this function will test buildReadme's default handling-behavior-behavior","         */","            options = {};","            local.buildReadme(options, onError);","        };","","        local.testCase_buildTest_default = local.testCase_buildTest_default || function (","            options,","            onError","        ) {","        /*","         * this function will test buildTest's default handling-behavior","         */","            options = {};","            local.buildTest(options, onError);","        };","","        local.testCase_webpage_default = local.testCase_webpage_default || function (","            options,","            onError","        ) {","        /*","         * this function will test webpage's default handling-behavior","         */","            options = { modeCoverageMerge: true, url: local.serverLocalHost + '?modeTest=1' };","            local.browserTest(options, onError);","        };","","        // run test-server","        local.testRunServer(local);","        break;","    }","}());",""],"l":{"12":2,"14":2,"19":2,"21":2,"23":2,"24":2,"25":2,"30":1,"37":2,"40":2,"43":1,"47":1,"50":1,"52":1,"55":2,"61":2,"62":2,"64":2,"70":1,"76":1,"82":2,"83":2,"85":2,"91":1,"98":1,"102":1,"105":1,"112":1,"119":1,"120":1,"123":1,"130":1,"131":1,"132":1,"133":1,"134":1,"135":1,"138":1,"143":2,"144":2,"147":1,"154":2,"155":2,"158":1,"165":2,"166":2,"169":1,"176":2,"177":2,"180":1,"187":1,"188":1,"192":1,"193":1}},"/home/travis/build/npmtest/node-npmtest-jake/lib.npmtest_jake.js":{"path":"/home/travis/build/npmtest/node-npmtest-jake/lib.npmtest_jake.js","s":{"1":2,"2":2,"3":2,"4":2,"5":2,"6":2,"7":2,"8":1,"9":2,"10":2,"11":2,"12":2,"13":1,"14":1,"15":1,"16":1},"b":{"1":[2,1,1,1],"2":[1,1,1,1],"3":[1,1],"4":[2,2],"5":[1,1]},"f":{"1":2,"2":2,"3":2},"fnMap":{"1":{"name":"(anonymous_1)","line":12,"loc":{"start":{"line":12,"column":1},"end":{"line":12,"column":13}}},"2":{"name":"(anonymous_2)","line":19,"loc":{"start":{"line":19,"column":5},"end":{"line":19,"column":17}}},"3":{"name":"(anonymous_3)","line":23,"loc":{"start":{"line":23,"column":24},"end":{"line":23,"column":36}}}},"statementMap":{"1":{"start":{"line":12,"column":0},"end":{"line":53,"column":5}},"2":{"start":{"line":14,"column":4},"end":{"line":14,"column":14}},"3":{"start":{"line":19,"column":4},"end":{"line":52,"column":9}},"4":{"start":{"line":21,"column":8},"end":{"line":21,"column":19}},"5":{"start":{"line":23,"column":8},"end":{"line":35,"column":13}},"6":{"start":{"line":24,"column":12},"end":{"line":34,"column":13}},"7":{"start":{"line":25,"column":16},"end":{"line":28,"column":30}},"8":{"start":{"line":30,"column":16},"end":{"line":33,"column":27}},"9":{"start":{"line":37,"column":8},"end":{"line":39,"column":21}},"10":{"start":{"line":41,"column":8},"end":{"line":41,"column":54}},"11":{"start":{"line":43,"column":8},"end":{"line":43,"column":49}},"12":{"start":{"line":45,"column":8},"end":{"line":51,"column":9}},"13":{"start":{"line":46,"column":12},"end":{"line":46,"column":55}},"14":{"start":{"line":48,"column":12},"end":{"line":48,"column":35}},"15":{"start":{"line":49,"column":12},"end":{"line":49,"column":49}},"16":{"start":{"line":50,"column":12},"end":{"line":50,"column":43}}},"branchMap":{"1":{"line":25,"type":"binary-expr","locations":[{"start":{"line":25,"column":23},"end":{"line":25,"column":62}},{"start":{"line":26,"column":20},"end":{"line":26,"column":70}},{"start":{"line":27,"column":20},"end":{"line":27,"column":71}},{"start":{"line":28,"column":20},"end":{"line":28,"column":29}}]},"2":{"line":30,"type":"binary-expr","locations":[{"start":{"line":30,"column":23},"end":{"line":30,"column":37}},{"start":{"line":31,"column":20},"end":{"line":31,"column":61}},{"start":{"line":32,"column":20},"end":{"line":32,"column":70}},{"start":{"line":33,"column":20},"end":{"line":33,"column":26}}]},"3":{"line":37,"type":"cond-expr","locations":[{"start":{"line":38,"column":14},"end":{"line":38,"column":20}},{"start":{"line":39,"column":14},"end":{"line":39,"column":20}}]},"4":{"line":41,"type":"binary-expr","locations":[{"start":{"line":41,"column":16},"end":{"line":41,"column":44}},{"start":{"line":41,"column":48},"end":{"line":41,"column":53}}]},"5":{"line":45,"type":"if","locations":[{"start":{"line":45,"column":8},"end":{"line":45,"column":8}},{"start":{"line":45,"column":8},"end":{"line":45,"column":8}}]}},"code":["/* istanbul instrument in package npmtest_jake */","/*jslint","    bitwise: true,","    browser: true,","    maxerr: 8,","    maxlen: 96,","    node: true,","    nomen: true,","    regexp: true,","    stupid: true","*/","(function () {","    'use strict';","    var local;","","","","    // run shared js-env code - pre-init","    (function () {","        // init local","        local = {};","        // init modeJs","        local.modeJs = (function () {","            try {","                return typeof navigator.userAgent === 'string' &&","                    typeof document.querySelector('body') === 'object' &&","                    typeof XMLHttpRequest.prototype.open === 'function' &&","                    'browser';","            } catch (errorCaughtBrowser) {","                return module.exports &&","                    typeof process.versions.node === 'string' &&","                    typeof require('http').createServer === 'function' &&","                    'node';","            }","        }());","        // init global","        local.global = local.modeJs === 'browser'","            ? window","            : global;","        // init utility2_rollup","        local = local.global.utility2_rollup || local;","        // init lib","        local.local = local.npmtest_jake = local;","        // init exports","        if (local.modeJs === 'browser') {","            local.global.utility2_npmtest_jake = local;","        } else {","            module.exports = local;","            module.exports.__dirname = __dirname;","            module.exports.module = module;","        }","    }());","}());",""],"l":{"12":2,"14":2,"19":2,"21":2,"23":2,"24":2,"25":2,"30":1,"37":2,"41":2,"43":2,"45":2,"46":1,"48":1,"49":1,"50":1}},"/home/travis/build/npmtest/node-npmtest-jake/example.js":{"path":"/home/travis/build/npmtest/node-npmtest-jake/example.js","s":{"1":2,"2":2,"3":2,"4":2,"5":2,"6":2,"7":2,"8":1,"9":2,"10":2,"11":2,"12":2,"13":1,"14":2,"15":2,"16":2,"17":2,"18":2,"19":0,"20":2,"21":1,"22":1,"23":1,"24":1,"25":1,"26":0,"27":0,"28":1,"29":1,"30":2,"31":0,"32":0,"33":0,"34":1,"35":2,"36":2,"37":3,"38":3,"39":3,"40":3,"41":0,"42":3,"43":3,"44":3,"45":1,"46":3,"47":1,"48":1,"49":1,"50":1,"51":1,"52":1,"53":1,"54":1,"55":1,"56":1,"57":0,"58":1,"59":6,"60":6,"61":1,"62":2,"63":0,"64":2,"65":1,"66":1,"67":0,"68":0,"69":0,"70":0,"71":0,"72":0,"73":0,"74":0,"75":0,"76":0,"77":0,"78":0,"79":0,"80":0,"81":0,"82":0,"83":0},"b":{"1":[2,1,1,1],"2":[1,1,1,1],"3":[1,1],"4":[2,2],"5":[1,1],"6":[1,1],"7":[2,0],"8":[2,1,1,1,1,1],"9":[0,2,0],"10":[1,1],"11":[2,1,1],"12":[1,0],"13":[0,2],"14":[2,0,0,0,0,0,0],"15":[0,3],"16":[3,0],"17":[1,1],"18":[0,1],"19":[1,2,0,2],"20":[1,0],"21":[1,1],"22":[0,0],"23":[0,0],"24":[0,0],"25":[0,0],"26":[0,0],"27":[0,0],"28":[0,0]},"f":{"1":2,"2":2,"3":2,"4":2,"5":2,"6":2,"7":3,"8":3,"9":3,"10":1,"11":6,"12":0},"fnMap":{"1":{"name":"(anonymous_1)","line":26,"loc":{"start":{"line":26,"column":1},"end":{"line":26,"column":13}}},"2":{"name":"(anonymous_2)","line":33,"loc":{"start":{"line":33,"column":5},"end":{"line":33,"column":17}}},"3":{"name":"(anonymous_3)","line":37,"loc":{"start":{"line":37,"column":24},"end":{"line":37,"column":36}}},"4":{"name":"(anonymous_4)","line":69,"loc":{"start":{"line":69,"column":31},"end":{"line":69,"column":48}},"skip":true},"5":{"name":"(anonymous_5)","line":78,"loc":{"start":{"line":78,"column":26},"end":{"line":78,"column":45}},"skip":true},"6":{"name":"(anonymous_6)","line":123,"loc":{"start":{"line":123,"column":33},"end":{"line":123,"column":48}},"skip":true},"7":{"name":"(anonymous_7)","line":125,"loc":{"start":{"line":125,"column":27},"end":{"line":125,"column":39}},"skip":true},"8":{"name":"(anonymous_8)","line":133,"loc":{"start":{"line":133,"column":59},"end":{"line":133,"column":74}},"skip":true},"9":{"name":"(anonymous_9)","line":143,"loc":{"start":{"line":143,"column":45},"end":{"line":143,"column":62}},"skip":true},"10":{"name":"(anonymous_10)","line":144,"loc":{"start":{"line":144,"column":73},"end":{"line":144,"column":92}},"skip":true},"11":{"name":"(anonymous_11)","line":272,"loc":{"start":{"line":272,"column":51},"end":{"line":272,"column":77}},"skip":true},"12":{"name":"(anonymous_12)","line":315,"loc":{"start":{"line":315,"column":32},"end":{"line":315,"column":61}},"skip":true}},"statementMap":{"1":{"start":{"line":26,"column":0},"end":{"line":326,"column":5}},"2":{"start":{"line":28,"column":4},"end":{"line":28,"column":14}},"3":{"start":{"line":33,"column":4},"end":{"line":60,"column":9}},"4":{"start":{"line":35,"column":8},"end":{"line":35,"column":19}},"5":{"start":{"line":37,"column":8},"end":{"line":49,"column":13}},"6":{"start":{"line":38,"column":12},"end":{"line":48,"column":13}},"7":{"start":{"line":39,"column":16},"end":{"line":42,"column":30}},"8":{"start":{"line":44,"column":16},"end":{"line":47,"column":27}},"9":{"start":{"line":51,"column":8},"end":{"line":53,"column":21}},"10":{"start":{"line":55,"column":8},"end":{"line":57,"column":45}},"11":{"start":{"line":59,"column":8},"end":{"line":59,"column":35}},"12":{"start":{"line":61,"column":4},"end":{"line":325,"column":5}},"13":{"start":{"line":69,"column":8},"end":{"line":121,"column":10},"skip":true},"14":{"start":{"line":70,"column":12},"end":{"line":88,"column":13},"skip":true},"15":{"start":{"line":76,"column":16},"end":{"line":87,"column":19},"skip":true},"16":{"start":{"line":79,"column":20},"end":{"line":86,"column":21},"skip":true},"17":{"start":{"line":82,"column":24},"end":{"line":82,"column":43},"skip":true},"18":{"start":{"line":83,"column":24},"end":{"line":83,"column":30},"skip":true},"19":{"start":{"line":85,"column":24},"end":{"line":85,"column":49},"skip":true},"20":{"start":{"line":89,"column":12},"end":{"line":107,"column":13},"skip":true},"21":{"start":{"line":92,"column":16},"end":{"line":102,"column":17},"skip":true},"22":{"start":{"line":93,"column":20},"end":{"line":93,"column":86},"skip":true},"23":{"start":{"line":94,"column":20},"end":{"line":95,"column":45},"skip":true},"24":{"start":{"line":96,"column":20},"end":{"line":96,"column":42},"skip":true},"25":{"start":{"line":97,"column":20},"end":{"line":97,"column":48},"skip":true},"26":{"start":{"line":100,"column":20},"end":{"line":100,"column":85},"skip":true},"27":{"start":{"line":101,"column":20},"end":{"line":101,"column":96},"skip":true},"28":{"start":{"line":103,"column":16},"end":{"line":103,"column":22},"skip":true},"29":{"start":{"line":106,"column":16},"end":{"line":106,"column":22},"skip":true},"30":{"start":{"line":108,"column":12},"end":{"line":120,"column":13},"skip":true},"31":{"start":{"line":114,"column":16},"end":{"line":119,"column":17},"skip":true},"32":{"start":{"line":116,"column":20},"end":{"line":116,"column":78},"skip":true},"33":{"start":{"line":118,"column":20},"end":{"line":118,"column":47},"skip":true},"34":{"start":{"line":123,"column":8},"end":{"line":141,"column":11},"skip":true},"35":{"start":{"line":124,"column":12},"end":{"line":124,"column":54},"skip":true},"36":{"start":{"line":125,"column":12},"end":{"line":140,"column":14},"skip":true},"37":{"start":{"line":126,"column":16},"end":{"line":126,"column":28},"skip":true},"38":{"start":{"line":127,"column":16},"end":{"line":127,"column":69},"skip":true},"39":{"start":{"line":128,"column":16},"end":{"line":128,"column":75},"skip":true},"40":{"start":{"line":129,"column":16},"end":{"line":131,"column":17},"skip":true},"41":{"start":{"line":130,"column":20},"end":{"line":130,"column":27},"skip":true},"42":{"start":{"line":133,"column":16},"end":{"line":137,"column":36},"skip":true},"43":{"start":{"line":134,"column":20},"end":{"line":136,"column":55},"skip":true},"44":{"start":{"line":139,"column":16},"end":{"line":139,"column":57},"skip":true},"45":{"start":{"line":143,"column":8},"end":{"line":147,"column":11},"skip":true},"46":{"start":{"line":144,"column":12},"end":{"line":146,"column":15},"skip":true},"47":{"start":{"line":145,"column":16},"end":{"line":145,"column":70},"skip":true},"48":{"start":{"line":149,"column":8},"end":{"line":149,"column":31},"skip":true},"49":{"start":{"line":150,"column":8},"end":{"line":150,"column":14},"skip":true},"50":{"start":{"line":158,"column":8},"end":{"line":158,"column":31},"skip":true},"51":{"start":{"line":160,"column":8},"end":{"line":160,"column":33},"skip":true},"52":{"start":{"line":161,"column":8},"end":{"line":161,"column":37},"skip":true},"53":{"start":{"line":162,"column":8},"end":{"line":162,"column":35},"skip":true},"54":{"start":{"line":164,"column":8},"end":{"line":164,"column":50},"skip":true},"55":{"start":{"line":166,"column":8},"end":{"line":256,"column":2},"skip":true},"56":{"start":{"line":258,"column":8},"end":{"line":286,"column":9},"skip":true},"57":{"start":{"line":259,"column":12},"end":{"line":269,"column":14},"skip":true},"58":{"start":{"line":271,"column":12},"end":{"line":285,"column":19},"skip":true},"59":{"start":{"line":274,"column":20},"end":{"line":274,"column":35},"skip":true},"60":{"start":{"line":275,"column":20},"end":{"line":284,"column":21},"skip":true},"61":{"start":{"line":277,"column":24},"end":{"line":277,"column":64},"skip":true},"62":{"start":{"line":279,"column":24},"end":{"line":279,"column":40},"skip":true},"63":{"start":{"line":281,"column":24},"end":{"line":281,"column":40},"skip":true},"64":{"start":{"line":283,"column":24},"end":{"line":283,"column":39},"skip":true},"65":{"start":{"line":288,"column":8},"end":{"line":290,"column":9},"skip":true},"66":{"start":{"line":289,"column":12},"end":{"line":289,"column":18},"skip":true},"67":{"start":{"line":291,"column":8},"end":{"line":293,"column":54},"skip":true},"68":{"start":{"line":296,"column":8},"end":{"line":301,"column":37},"skip":true},"69":{"start":{"line":303,"column":8},"end":{"line":303,"column":82},"skip":true},"70":{"start":{"line":306,"column":8},"end":{"line":308,"column":9},"skip":true},"71":{"start":{"line":307,"column":12},"end":{"line":307,"column":82},"skip":true},"72":{"start":{"line":310,"column":8},"end":{"line":312,"column":9},"skip":true},"73":{"start":{"line":311,"column":12},"end":{"line":311,"column":18},"skip":true},"74":{"start":{"line":313,"column":8},"end":{"line":313,"column":54},"skip":true},"75":{"start":{"line":314,"column":8},"end":{"line":314,"column":69},"skip":true},"76":{"start":{"line":315,"column":8},"end":{"line":323,"column":36},"skip":true},"77":{"start":{"line":316,"column":12},"end":{"line":316,"column":61},"skip":true},"78":{"start":{"line":317,"column":12},"end":{"line":320,"column":13},"skip":true},"79":{"start":{"line":318,"column":16},"end":{"line":318,"column":75},"skip":true},"80":{"start":{"line":319,"column":16},"end":{"line":319,"column":23},"skip":true},"81":{"start":{"line":321,"column":12},"end":{"line":321,"column":38},"skip":true},"82":{"start":{"line":322,"column":12},"end":{"line":322,"column":27},"skip":true},"83":{"start":{"line":324,"column":8},"end":{"line":324,"column":14},"skip":true}},"branchMap":{"1":{"line":39,"type":"binary-expr","locations":[{"start":{"line":39,"column":23},"end":{"line":39,"column":62}},{"start":{"line":40,"column":20},"end":{"line":40,"column":70}},{"start":{"line":41,"column":20},"end":{"line":41,"column":71}},{"start":{"line":42,"column":20},"end":{"line":42,"column":29}}]},"2":{"line":44,"type":"binary-expr","locations":[{"start":{"line":44,"column":23},"end":{"line":44,"column":37}},{"start":{"line":45,"column":20},"end":{"line":45,"column":61}},{"start":{"line":46,"column":20},"end":{"line":46,"column":70}},{"start":{"line":47,"column":20},"end":{"line":47,"column":26}}]},"3":{"line":51,"type":"cond-expr","locations":[{"start":{"line":52,"column":14},"end":{"line":52,"column":20}},{"start":{"line":53,"column":14},"end":{"line":53,"column":20}}]},"4":{"line":55,"type":"binary-expr","locations":[{"start":{"line":55,"column":16},"end":{"line":55,"column":44}},{"start":{"line":55,"column":49},"end":{"line":57,"column":43}}]},"5":{"line":55,"type":"cond-expr","locations":[{"start":{"line":56,"column":14},"end":{"line":56,"column":48}},{"start":{"line":57,"column":14},"end":{"line":57,"column":43}}]},"6":{"line":61,"type":"switch","locations":[{"start":{"line":68,"column":4},"end":{"line":150,"column":14},"skip":true},{"start":{"line":156,"column":4},"end":{"line":324,"column":14},"skip":true}]},"7":{"line":70,"type":"if","locations":[{"start":{"line":70,"column":12},"end":{"line":70,"column":12},"skip":true},{"start":{"line":70,"column":12},"end":{"line":70,"column":12},"skip":true}]},"8":{"line":70,"type":"binary-expr","locations":[{"start":{"line":70,"column":16},"end":{"line":70,"column":22},"skip":true},{"start":{"line":70,"column":27},"end":{"line":70,"column":32},"skip":true},{"start":{"line":71,"column":20},"end":{"line":71,"column":39},"skip":true},{"start":{"line":72,"column":20},"end":{"line":72,"column":49},"skip":true},{"start":{"line":73,"column":20},"end":{"line":73,"column":58},"skip":true},{"start":{"line":74,"column":20},"end":{"line":74,"column":69},"skip":true}]},"9":{"line":79,"type":"switch","locations":[{"start":{"line":80,"column":20},"end":{"line":80,"column":33},"skip":true},{"start":{"line":81,"column":20},"end":{"line":83,"column":30},"skip":true},{"start":{"line":84,"column":20},"end":{"line":85,"column":49},"skip":true}]},"10":{"line":89,"type":"switch","locations":[{"start":{"line":90,"column":12},"end":{"line":103,"column":22},"skip":true},{"start":{"line":105,"column":12},"end":{"line":106,"column":22},"skip":true}]},"11":{"line":89,"type":"binary-expr","locations":[{"start":{"line":89,"column":20},"end":{"line":89,"column":25},"skip":true},{"start":{"line":89,"column":29},"end":{"line":89,"column":48},"skip":true},{"start":{"line":89,"column":52},"end":{"line":89,"column":74},"skip":true}]},"12":{"line":92,"type":"if","locations":[{"start":{"line":92,"column":16},"end":{"line":92,"column":16},"skip":true},{"start":{"line":92,"column":16},"end":{"line":92,"column":16},"skip":true}]},"13":{"line":108,"type":"if","locations":[{"start":{"line":108,"column":12},"end":{"line":108,"column":12},"skip":true},{"start":{"line":108,"column":12},"end":{"line":108,"column":12},"skip":true}]},"14":{"line":108,"type":"binary-expr","locations":[{"start":{"line":108,"column":16},"end":{"line":108,"column":61},"skip":true},{"start":{"line":108,"column":66},"end":{"line":108,"column":72},"skip":true},{"start":{"line":108,"column":77},"end":{"line":108,"column":82},"skip":true},{"start":{"line":109,"column":20},"end":{"line":109,"column":39},"skip":true},{"start":{"line":110,"column":20},"end":{"line":110,"column":49},"skip":true},{"start":{"line":111,"column":20},"end":{"line":111,"column":58},"skip":true},{"start":{"line":112,"column":20},"end":{"line":112,"column":68},"skip":true}]},"15":{"line":129,"type":"if","locations":[{"start":{"line":129,"column":16},"end":{"line":129,"column":16},"skip":true},{"start":{"line":129,"column":16},"end":{"line":129,"column":16},"skip":true}]},"16":{"line":134,"type":"cond-expr","locations":[{"start":{"line":135,"column":26},"end":{"line":135,"column":29},"skip":true},{"start":{"line":136,"column":26},"end":{"line":136,"column":54},"skip":true}]},"17":{"line":164,"type":"binary-expr","locations":[{"start":{"line":164,"column":27},"end":{"line":164,"column":43},"skip":true},{"start":{"line":164,"column":47},"end":{"line":164,"column":49},"skip":true}]},"18":{"line":258,"type":"if","locations":[{"start":{"line":258,"column":8},"end":{"line":258,"column":8},"skip":true},{"start":{"line":258,"column":8},"end":{"line":258,"column":8},"skip":true}]},"19":{"line":275,"type":"switch","locations":[{"start":{"line":276,"column":20},"end":{"line":277,"column":64},"skip":true},{"start":{"line":278,"column":20},"end":{"line":279,"column":40},"skip":true},{"start":{"line":280,"column":20},"end":{"line":281,"column":40},"skip":true},{"start":{"line":282,"column":20},"end":{"line":283,"column":39},"skip":true}]},"20":{"line":288,"type":"if","locations":[{"start":{"line":288,"column":8},"end":{"line":288,"column":8},"skip":true},{"start":{"line":288,"column":8},"end":{"line":288,"column":8},"skip":true}]},"21":{"line":288,"type":"binary-expr","locations":[{"start":{"line":288,"column":12},"end":{"line":288,"column":40},"skip":true},{"start":{"line":288,"column":44},"end":{"line":288,"column":67},"skip":true}]},"22":{"line":292,"type":"binary-expr","locations":[{"start":{"line":292,"column":12},"end":{"line":292,"column":50},"skip":true},{"start":{"line":293,"column":12},"end":{"line":293,"column":53},"skip":true}]},"23":{"line":297,"type":"binary-expr","locations":[{"start":{"line":297,"column":12},"end":{"line":297,"column":62},"skip":true},{"start":{"line":298,"column":12},"end":{"line":301,"column":36},"skip":true}]},"24":{"line":303,"type":"binary-expr","locations":[{"start":{"line":303,"column":43},"end":{"line":303,"column":75},"skip":true},{"start":{"line":303,"column":79},"end":{"line":303,"column":81},"skip":true}]},"25":{"line":306,"type":"if","locations":[{"start":{"line":306,"column":8},"end":{"line":306,"column":8},"skip":true},{"start":{"line":306,"column":8},"end":{"line":306,"column":8},"skip":true}]},"26":{"line":310,"type":"if","locations":[{"start":{"line":310,"column":8},"end":{"line":310,"column":8},"skip":true},{"start":{"line":310,"column":8},"end":{"line":310,"column":8},"skip":true}]},"27":{"line":313,"type":"binary-expr","locations":[{"start":{"line":313,"column":27},"end":{"line":313,"column":43},"skip":true},{"start":{"line":313,"column":47},"end":{"line":313,"column":53},"skip":true}]},"28":{"line":317,"type":"if","locations":[{"start":{"line":317,"column":12},"end":{"line":317,"column":12},"skip":true},{"start":{"line":317,"column":12},"end":{"line":317,"column":12},"skip":true}]}},"code":["/*","example.js","","quickstart example","","instruction","    1. save this script as example.js","    2. run the shell command:","        $ npm install npmtest-jake && PORT=8081 node example.js","    3. play with the browser-demo on http://127.0.0.1:8081","*/","","","","/* istanbul instrument in package npmtest_jake */","/*jslint","    bitwise: true,","    browser: true,","    maxerr: 8,","    maxlen: 96,","    node: true,","    nomen: true,","    regexp: true,","    stupid: true","*/","(function () {","    'use strict';","    var local;","","","","    // run shared js-env code - pre-init","    (function () {","        // init local","        local = {};","        // init modeJs","        local.modeJs = (function () {","            try {","                return typeof navigator.userAgent === 'string' &&","                    typeof document.querySelector('body') === 'object' &&","                    typeof XMLHttpRequest.prototype.open === 'function' &&","                    'browser';","            } catch (errorCaughtBrowser) {","                return module.exports &&","                    typeof process.versions.node === 'string' &&","                    typeof require('http').createServer === 'function' &&","                    'node';","            }","        }());","        // init global","        local.global = local.modeJs === 'browser'","            ? window","            : global;","        // init utility2_rollup","        local = local.global.utility2_rollup || (local.modeJs === 'browser'","            ? local.global.utility2_npmtest_jake","            : global.utility2_moduleExports);","        // export local","        local.global.local = local;","    }());","    switch (local.modeJs) {","","","","    // post-init","    // run browser js-env code - post-init","    /* istanbul ignore next */","    case 'browser':","        local.testRunBrowser = function (event) {","            if (!event || (event &&","                    event.currentTarget &&","                    event.currentTarget.className &&","                    event.currentTarget.className.includes &&","                    event.currentTarget.className.includes('onreset'))) {","                // reset output","                Array.from(","                    document.querySelectorAll('body > .resettable')","                ).forEach(function (element) {","                    switch (element.tagName) {","                    case 'INPUT':","                    case 'TEXTAREA':","                        element.value = '';","                        break;","                    default:","                        element.textContent = '';","                    }","                });","            }","            switch (event && event.currentTarget && event.currentTarget.id) {","            case 'testRunButton1':","                // show tests","                if (document.querySelector('#testReportDiv1').style.display === 'none') {","                    document.querySelector('#testReportDiv1').style.display = 'block';","                    document.querySelector('#testRunButton1').textContent =","                        'hide internal test';","                    local.modeTest = true;","                    local.testRunDefault(local);","                // hide tests","                } else {","                    document.querySelector('#testReportDiv1').style.display = 'none';","                    document.querySelector('#testRunButton1').textContent = 'run internal test';","                }","                break;","            // custom-case","            default:","                break;","            }","            if (document.querySelector('#inputTextareaEval1') && (!event || (event &&","                    event.currentTarget &&","                    event.currentTarget.className &&","                    event.currentTarget.className.includes &&","                    event.currentTarget.className.includes('oneval')))) {","                // try to eval input-code","                try {","                    /*jslint evil: true*/","                    eval(document.querySelector('#inputTextareaEval1').value);","                } catch (errorCaught) {","                    console.error(errorCaught);","                }","            }","        };","        // log stderr and stdout to #outputTextareaStdout1","        ['error', 'log'].forEach(function (key) {","            console[key + '_original'] = console[key];","            console[key] = function () {","                var element;","                console[key + '_original'].apply(console, arguments);","                element = document.querySelector('#outputTextareaStdout1');","                if (!element) {","                    return;","                }","                // append text to #outputTextareaStdout1","                element.value += Array.from(arguments).map(function (arg) {","                    return typeof arg === 'string'","                        ? arg","                        : JSON.stringify(arg, null, 4);","                }).join(' ') + '\\n';","                // scroll textarea to bottom","                element.scrollTop = element.scrollHeight;","            };","        });","        // init event-handling","        ['change', 'click', 'keyup'].forEach(function (event) {","            Array.from(document.querySelectorAll('.on' + event)).forEach(function (element) {","                element.addEventListener(event, local.testRunBrowser);","            });","        });","        // run tests","        local.testRunBrowser();","        break;","","","","    // run node js-env code - post-init","    /* istanbul ignore next */","    case 'node':","        // export local","        module.exports = local;","        // require modules","        local.fs = require('fs');","        local.http = require('http');","        local.url = require('url');","        // init assets","        local.assetsDict = local.assetsDict || {};","        /* jslint-ignore-begin */","        local.assetsDict['/assets.index.template.html'] = '\\","<!doctype html>\\n\\","<html lang=\"en\">\\n\\","<head>\\n\\","<meta charset=\"UTF-8\">\\n\\","<meta name=\"viewport\" content=\"width=device-width, initial-scale=1\">\\n\\","<title>{{env.npm_package_name}} (v{{env.npm_package_version}})</title>\\n\\","<style>\\n\\","/*csslint\\n\\","    box-sizing: false,\\n\\","    universal-selector: false\\n\\","*/\\n\\","* {\\n\\","    box-sizing: border-box;\\n\\","}\\n\\","body {\\n\\","    background: #dde;\\n\\","    font-family: Arial, Helvetica, sans-serif;\\n\\","    margin: 2rem;\\n\\","}\\n\\","body > * {\\n\\","    margin-bottom: 1rem;\\n\\","}\\n\\",".utility2FooterDiv {\\n\\","    margin-top: 20px;\\n\\","    text-align: center;\\n\\","}\\n\\","</style>\\n\\","<style>\\n\\","/*csslint\\n\\","*/\\n\\","textarea {\\n\\","    font-family: monospace;\\n\\","    height: 10rem;\\n\\","    width: 100%;\\n\\","}\\n\\","textarea[readonly] {\\n\\","    background: #ddd;\\n\\","}\\n\\","</style>\\n\\","</head>\\n\\","<body>\\n\\","<!-- utility2-comment\\n\\","<div id=\"ajaxProgressDiv1\" style=\"background: #d00; height: 2px; left: 0; margin: 0; padding: 0; position: fixed; top: 0; transition: background 0.5s, width 1.5s; width: 25%;\"></div>\\n\\","utility2-comment -->\\n\\","<h1>\\n\\","<!-- utility2-comment\\n\\","    <a\\n\\","        {{#if env.npm_package_homepage}}\\n\\","        href=\"{{env.npm_package_homepage}}\"\\n\\","        {{/if env.npm_package_homepage}}\\n\\","        target=\"_blank\"\\n\\","    >\\n\\","utility2-comment -->\\n\\","        {{env.npm_package_name}} (v{{env.npm_package_version}})\\n\\","<!-- utility2-comment\\n\\","    </a>\\n\\","utility2-comment -->\\n\\","</h1>\\n\\","<h3>{{env.npm_package_description}}</h3>\\n\\","<!-- utility2-comment\\n\\","<h4><a download href=\"assets.app.js\">download standalone app</a></h4>\\n\\","<button class=\"onclick onreset\" id=\"testRunButton1\">run internal test</button><br>\\n\\","<div id=\"testReportDiv1\" style=\"display: none;\"></div>\\n\\","utility2-comment -->\\n\\","\\n\\","\\n\\","\\n\\","<label>stderr and stdout</label>\\n\\","<textarea class=\"resettable\" id=\"outputTextareaStdout1\" readonly></textarea>\\n\\","<!-- utility2-comment\\n\\","{{#if isRollup}}\\n\\","<script src=\"assets.app.js\"></script>\\n\\","{{#unless isRollup}}\\n\\","utility2-comment -->\\n\\","<script src=\"assets.utility2.rollup.js\"></script>\\n\\","<script src=\"jsonp.utility2._stateInit?callback=window.utility2._stateInit\"></script>\\n\\","<script src=\"assets.npmtest_jake.rollup.js\"></script>\\n\\","<script src=\"assets.example.js\"></script>\\n\\","<script src=\"assets.test.js\"></script>\\n\\","<!-- utility2-comment\\n\\","{{/if isRollup}}\\n\\","utility2-comment -->\\n\\","<div class=\"utility2FooterDiv\">\\n\\","    [ this app was created with\\n\\","    <a href=\"https://github.com/kaizhu256/node-utility2\" target=\"_blank\">utility2</a>\\n\\","    ]\\n\\","</div>\\n\\","</body>\\n\\","</html>\\n\\","';","        /* jslint-ignore-end */","        if (local.templateRender) {","            local.assetsDict['/'] = local.templateRender(","                local.assetsDict['/assets.index.template.html'],","                {","                    env: local.objectSetDefault(local.env, {","                        npm_package_description: 'the greatest app in the world!',","                        npm_package_name: 'my-app',","                        npm_package_nameAlias: 'my_app',","                        npm_package_version: '0.0.1'","                    })","                }","            );","        } else {","            local.assetsDict['/'] = local.assetsDict['/assets.index.template.html']","                .replace((/\\{\\{env\\.(\\w+?)\\}\\}/g), function (match0, match1) {","                    // jslint-hack","                    String(match0);","                    switch (match1) {","                    case 'npm_package_description':","                        return 'the greatest app in the world!';","                    case 'npm_package_name':","                        return 'my-app';","                    case 'npm_package_nameAlias':","                        return 'my_app';","                    case 'npm_package_version':","                        return '0.0.1';","                    }","                });","        }","        // run the cli","        if (local.global.utility2_rollup || module !== require.main) {","            break;","        }","        local.assetsDict['/assets.example.js'] =","            local.assetsDict['/assets.example.js'] ||","            local.fs.readFileSync(__filename, 'utf8');","        // bug-workaround - long $npm_package_buildCustomOrg","        /* jslint-ignore-begin */","        local.assetsDict['/assets.npmtest_jake.rollup.js'] =","            local.assetsDict['/assets.npmtest_jake.rollup.js'] ||","            local.fs.readFileSync(","                local.npmtest_jake.__dirname + '/lib.npmtest_jake.js',","                'utf8'","            ).replace((/^#!/), '//');","        /* jslint-ignore-end */","        local.assetsDict['/favicon.ico'] = local.assetsDict['/favicon.ico'] || '';","        // if $npm_config_timeout_exit exists,","        // then exit this process after $npm_config_timeout_exit ms","        if (Number(process.env.npm_config_timeout_exit)) {","            setTimeout(process.exit, Number(process.env.npm_config_timeout_exit));","        }","        // start server","        if (local.global.utility2_serverHttp1) {","            break;","        }","        process.env.PORT = process.env.PORT || '8081';","        console.error('server starting on port ' + process.env.PORT);","        local.http.createServer(function (request, response) {","            request.urlParsed = local.url.parse(request.url);","            if (local.assetsDict[request.urlParsed.pathname] !== undefined) {","                response.end(local.assetsDict[request.urlParsed.pathname]);","                return;","            }","            response.statusCode = 404;","            response.end();","        }).listen(process.env.PORT);","        break;","    }","}());",""],"l":{"26":2,"28":2,"33":2,"35":2,"37":2,"38":2,"39":2,"44":1,"51":2,"55":2,"59":2,"61":2,"69":1,"70":2,"76":2,"79":2,"82":2,"83":2,"85":1,"89":2,"92":1,"93":1,"94":1,"96":1,"97":1,"100":1,"101":1,"103":1,"106":1,"108":2,"114":1,"116":1,"118":1,"123":1,"124":2,"125":2,"126":3,"127":3,"128":3,"129":3,"130":1,"133":3,"134":3,"139":3,"143":1,"144":3,"145":1,"149":1,"150":1,"158":1,"160":1,"161":1,"162":1,"164":1,"166":1,"258":1,"259":1,"271":1,"274":6,"275":6,"277":1,"279":2,"281":1,"283":2,"288":1,"289":1,"291":1,"296":1,"303":1,"306":1,"307":1,"310":1,"311":1,"313":1,"314":1,"315":1,"316":1,"317":1,"318":1,"319":1,"321":1,"322":1,"324":1}},"/home/travis/build/npmtest/node-npmtest-jake/node_modules/jake/lib/jake.js":{"path":"/home/travis/build/npmtest/node-npmtest-jake/node_modules/jake/lib/jake.js","s":{"1":1,"2":1,"3":1,"4":1,"5":1,"6":0,"7":0,"8":1,"9":1,"10":1,"11":1,"12":1,"13":1,"14":1,"15":1,"16":1,"17":1,"18":1,"19":1,"20":1,"21":1,"22":1,"23":1,"24":1,"25":1,"26":1,"27":1,"28":1,"29":1,"30":1,"31":1,"32":1,"33":0,"34":0,"35":0,"36":0,"37":0,"38":0,"39":0,"40":0,"41":0,"42":0,"43":0,"44":1,"45":0,"46":0,"47":0,"48":0,"49":0,"50":0,"51":0,"52":0,"53":0,"54":0,"55":0,"56":0,"57":0,"58":0,"59":1,"60":0,"61":0,"62":0,"63":0,"64":0,"65":0,"66":0,"67":0,"68":0,"69":0,"70":0,"71":0,"72":0,"73":0,"74":0,"75":0,"76":0,"77":0,"78":0,"79":0,"80":0,"81":0,"82":0,"83":0,"84":0,"85":0,"86":0,"87":0,"88":0,"89":0,"90":0,"91":0,"92":0,"93":1,"94":0,"95":0,"96":0,"97":0,"98":0,"99":0,"100":0,"101":1,"102":0,"103":0,"104":0,"105":0,"106":0,"107":0,"108":0,"109":0,"110":0,"111":0,"112":0,"113":0,"114":0,"115":0,"116":0,"117":0,"118":0,"119":0,"120":1,"121":0,"122":0,"123":0,"124":1,"125":2,"126":2,"127":2,"128":2,"129":2,"130":0,"131":2,"132":2,"133":2,"134":2,"135":2,"136":0,"137":1},"b":{"1":[0,0],"2":[0,0],"3":[0,0],"4":[0,0],"5":[0,0],"6":[0,0],"7":[0,0],"8":[0,0],"9":[0,0],"10":[0,0],"11":[0,0],"12":[0,0],"13":[0,0,0],"14":[0,0],"15":[0,0],"16":[0,0],"17":[0,0],"18":[0,0],"19":[0,0],"20":[0,0],"21":[0,0],"22":[0,0],"23":[0,0],"24":[0,2],"25":[2,0],"26":[2,2]},"f":{"1":0,"2":1,"3":0,"4":0,"5":0,"6":0,"7":0,"8":0,"9":0,"10":0,"11":0,"12":2},"fnMap":{"1":{"name":"(anonymous_1)","line":40,"loc":{"start":{"line":40,"column":17},"end":{"line":40,"column":43}}},"2":{"name":"(anonymous_2)","line":57,"loc":{"start":{"line":57,"column":23},"end":{"line":57,"column":35}}},"3":{"name":"(anonymous_3)","line":95,"loc":{"start":{"line":95,"column":23},"end":{"line":95,"column":35}}},"4":{"name":"(anonymous_4)","line":96,"loc":{"start":{"line":96,"column":19},"end":{"line":96,"column":39}}},"5":{"name":"(anonymous_5)","line":123,"loc":{"start":{"line":123,"column":33},"end":{"line":123,"column":46}}},"6":{"name":"(anonymous_6)","line":161,"loc":{"start":{"line":161,"column":20},"end":{"line":161,"column":32}}},"7":{"name":"(anonymous_7)","line":211,"loc":{"start":{"line":211,"column":17},"end":{"line":211,"column":29}}},"8":{"name":"(anonymous_8)","line":237,"loc":{"start":{"line":237,"column":21},"end":{"line":237,"column":48}}},"9":{"name":"(anonymous_9)","line":251,"loc":{"start":{"line":251,"column":35},"end":{"line":251,"column":62}}},"10":{"name":"(anonymous_10)","line":294,"loc":{"start":{"line":294,"column":14},"end":{"line":294,"column":26}}},"11":{"name":"(anonymous_11)","line":296,"loc":{"start":{"line":296,"column":45},"end":{"line":296,"column":60}}},"12":{"name":"(anonymous_12)","line":302,"loc":{"start":{"line":302,"column":13},"end":{"line":302,"column":25}}}},"statementMap":{"1":{"start":{"line":19,"column":0},"end":{"line":19,"column":50}},"2":{"start":{"line":21,"column":0},"end":{"line":21,"column":33}},"3":{"start":{"line":23,"column":0},"end":{"line":36,"column":81}},"4":{"start":{"line":38,"column":0},"end":{"line":38,"column":34}},"5":{"start":{"line":40,"column":0},"end":{"line":43,"column":2}},"6":{"start":{"line":41,"column":2},"end":{"line":41,"column":27}},"7":{"start":{"line":42,"column":2},"end":{"line":42,"column":19}},"8":{"start":{"line":46,"column":0},"end":{"line":46,"column":25}},"9":{"start":{"line":49,"column":0},"end":{"line":49,"column":25}},"10":{"start":{"line":51,"column":0},"end":{"line":51,"column":30}},"11":{"start":{"line":55,"column":0},"end":{"line":55,"column":23}},"12":{"start":{"line":57,"column":0},"end":{"line":331,"column":6}},"13":{"start":{"line":59,"column":2},"end":{"line":59,"column":29}},"14":{"start":{"line":64,"column":2},"end":{"line":64,"column":18}},"15":{"start":{"line":68,"column":2},"end":{"line":68,"column":29}},"16":{"start":{"line":70,"column":2},"end":{"line":70,"column":29}},"17":{"start":{"line":72,"column":2},"end":{"line":72,"column":29}},"18":{"start":{"line":75,"column":2},"end":{"line":75,"column":57}},"19":{"start":{"line":79,"column":2},"end":{"line":79,"column":48}},"20":{"start":{"line":82,"column":2},"end":{"line":82,"column":37}},"21":{"start":{"line":83,"column":2},"end":{"line":83,"column":31}},"22":{"start":{"line":84,"column":2},"end":{"line":84,"column":47}},"23":{"start":{"line":85,"column":2},"end":{"line":85,"column":59}},"24":{"start":{"line":86,"column":2},"end":{"line":86,"column":59}},"25":{"start":{"line":87,"column":2},"end":{"line":87,"column":53}},"26":{"start":{"line":88,"column":2},"end":{"line":88,"column":50}},"27":{"start":{"line":89,"column":2},"end":{"line":89,"column":19}},"28":{"start":{"line":90,"column":2},"end":{"line":90,"column":27}},"29":{"start":{"line":91,"column":2},"end":{"line":91,"column":37}},"30":{"start":{"line":92,"column":2},"end":{"line":92,"column":29}},"31":{"start":{"line":93,"column":2},"end":{"line":93,"column":19}},"32":{"start":{"line":95,"column":2},"end":{"line":117,"column":4}},"33":{"start":{"line":96,"column":4},"end":{"line":114,"column":6}},"34":{"start":{"line":97,"column":6},"end":{"line":100,"column":19}},"35":{"start":{"line":102,"column":6},"end":{"line":109,"column":7}},"36":{"start":{"line":103,"column":8},"end":{"line":103,"column":26}},"37":{"start":{"line":105,"column":8},"end":{"line":105,"column":58}},"38":{"start":{"line":107,"column":8},"end":{"line":107,"column":33}},"39":{"start":{"line":108,"column":8},"end":{"line":108,"column":35}},"40":{"start":{"line":110,"column":6},"end":{"line":113,"column":7}},"41":{"start":{"line":111,"column":8},"end":{"line":111,"column":60}},"42":{"start":{"line":112,"column":8},"end":{"line":112,"column":44}},"43":{"start":{"line":116,"column":4},"end":{"line":116,"column":47}},"44":{"start":{"line":123,"column":2},"end":{"line":159,"column":4}},"45":{"start":{"line":124,"column":4},"end":{"line":131,"column":49}},"46":{"start":{"line":133,"column":4},"end":{"line":139,"column":5}},"47":{"start":{"line":134,"column":6},"end":{"line":134,"column":26}},"48":{"start":{"line":137,"column":6},"end":{"line":138,"column":37}},"49":{"start":{"line":141,"column":4},"end":{"line":158,"column":5}},"50":{"start":{"line":142,"column":6},"end":{"line":144,"column":7}},"51":{"start":{"line":143,"column":8},"end":{"line":143,"column":17}},"52":{"start":{"line":145,"column":6},"end":{"line":145,"column":26}},"53":{"start":{"line":148,"column":6},"end":{"line":148,"column":28}},"54":{"start":{"line":151,"column":6},"end":{"line":151,"column":72}},"55":{"start":{"line":153,"column":6},"end":{"line":153,"column":31}},"56":{"start":{"line":154,"column":6},"end":{"line":157,"column":7}},"57":{"start":{"line":155,"column":8},"end":{"line":155,"column":34}},"58":{"start":{"line":156,"column":8},"end":{"line":156,"column":54}},"59":{"start":{"line":161,"column":2},"end":{"line":235,"column":4}},"60":{"start":{"line":162,"column":4},"end":{"line":170,"column":21}},"61":{"start":{"line":172,"column":6},"end":{"line":172,"column":26}},"62":{"start":{"line":176,"column":4},"end":{"line":190,"column":5}},"63":{"start":{"line":177,"column":6},"end":{"line":177,"column":26}},"64":{"start":{"line":178,"column":6},"end":{"line":180,"column":7}},"65":{"start":{"line":179,"column":8},"end":{"line":179,"column":31}},"66":{"start":{"line":185,"column":6},"end":{"line":185,"column":25}},"67":{"start":{"line":186,"column":6},"end":{"line":189,"column":7}},"68":{"start":{"line":187,"column":8},"end":{"line":187,"column":41}},"69":{"start":{"line":188,"column":8},"end":{"line":188,"column":17}},"70":{"start":{"line":193,"column":4},"end":{"line":200,"column":5}},"71":{"start":{"line":194,"column":6},"end":{"line":199,"column":7}},"72":{"start":{"line":195,"column":8},"end":{"line":195,"column":21}},"73":{"start":{"line":198,"column":8},"end":{"line":198,"column":19}},"74":{"start":{"line":202,"column":4},"end":{"line":202,"column":51}},"75":{"start":{"line":203,"column":4},"end":{"line":207,"column":5}},"76":{"start":{"line":205,"column":6},"end":{"line":205,"column":50}},"77":{"start":{"line":206,"column":6},"end":{"line":206,"column":18}},"78":{"start":{"line":209,"column":4},"end":{"line":221,"column":5}},"79":{"start":{"line":211,"column":8},"end":{"line":213,"column":10}},"80":{"start":{"line":212,"column":10},"end":{"line":212,"column":28}},"81":{"start":{"line":214,"column":8},"end":{"line":214,"column":62}},"82":{"start":{"line":215,"column":8},"end":{"line":215,"column":14}},"83":{"start":{"line":217,"column":8},"end":{"line":217,"column":57}},"84":{"start":{"line":218,"column":8},"end":{"line":218,"column":14}},"85":{"start":{"line":220,"column":8},"end":{"line":220,"column":53}},"86":{"start":{"line":223,"column":4},"end":{"line":226,"column":5}},"87":{"start":{"line":224,"column":6},"end":{"line":224,"column":53}},"88":{"start":{"line":225,"column":6},"end":{"line":225,"column":41}},"89":{"start":{"line":227,"column":4},"end":{"line":227,"column":45}},"90":{"start":{"line":228,"column":4},"end":{"line":228,"column":43}},"91":{"start":{"line":232,"column":4},"end":{"line":232,"column":25}},"92":{"start":{"line":234,"column":4},"end":{"line":234,"column":16}},"93":{"start":{"line":237,"column":2},"end":{"line":249,"column":4}},"94":{"start":{"line":238,"column":4},"end":{"line":239,"column":15}},"95":{"start":{"line":240,"column":4},"end":{"line":242,"column":5}},"96":{"start":{"line":241,"column":6},"end":{"line":241,"column":18}},"97":{"start":{"line":244,"column":4},"end":{"line":244,"column":36}},"98":{"start":{"line":245,"column":4},"end":{"line":247,"column":5}},"99":{"start":{"line":246,"column":6},"end":{"line":246,"column":50}},"100":{"start":{"line":248,"column":4},"end":{"line":248,"column":26}},"101":{"start":{"line":251,"column":2},"end":{"line":291,"column":4}},"102":{"start":{"line":252,"column":4},"end":{"line":257,"column":14}},"103":{"start":{"line":259,"column":4},"end":{"line":266,"column":5}},"104":{"start":{"line":260,"column":6},"end":{"line":265,"column":7}},"105":{"start":{"line":261,"column":8},"end":{"line":261,"column":27}},"106":{"start":{"line":264,"column":8},"end":{"line":264,"column":32}},"107":{"start":{"line":268,"column":4},"end":{"line":268,"column":51}},"108":{"start":{"line":269,"column":4},"end":{"line":269,"column":25}},"109":{"start":{"line":270,"column":4},"end":{"line":270,"column":35}},"110":{"start":{"line":272,"column":4},"end":{"line":272,"column":35}},"111":{"start":{"line":276,"column":4},"end":{"line":288,"column":5}},"112":{"start":{"line":278,"column":6},"end":{"line":287,"column":7}},"113":{"start":{"line":279,"column":8},"end":{"line":279,"column":38}},"114":{"start":{"line":280,"column":8},"end":{"line":280,"column":43}},"115":{"start":{"line":281,"column":8},"end":{"line":281,"column":37}},"116":{"start":{"line":282,"column":8},"end":{"line":282,"column":35}},"117":{"start":{"line":283,"column":8},"end":{"line":283,"column":26}},"118":{"start":{"line":286,"column":8},"end":{"line":286,"column":39}},"119":{"start":{"line":290,"column":4},"end":{"line":290,"column":24}},"120":{"start":{"line":294,"column":2},"end":{"line":300,"column":4}},"121":{"start":{"line":295,"column":4},"end":{"line":295,"column":20}},"122":{"start":{"line":296,"column":4},"end":{"line":298,"column":7}},"123":{"start":{"line":297,"column":6},"end":{"line":297,"column":34}},"124":{"start":{"line":302,"column":2},"end":{"line":329,"column":4}},"125":{"start":{"line":303,"column":4},"end":{"line":307,"column":13}},"126":{"start":{"line":309,"column":4},"end":{"line":309,"column":28}},"127":{"start":{"line":310,"column":4},"end":{"line":310,"column":19}},"128":{"start":{"line":312,"column":4},"end":{"line":312,"column":46}},"129":{"start":{"line":313,"column":4},"end":{"line":328,"column":5}},"130":{"start":{"line":314,"column":6},"end":{"line":314,"column":16}},"131":{"start":{"line":317,"column":6},"end":{"line":317,"column":26}},"132":{"start":{"line":319,"column":6},"end":{"line":319,"column":58}},"133":{"start":{"line":320,"column":6},"end":{"line":320,"column":67}},"134":{"start":{"line":322,"column":6},"end":{"line":325,"column":7}},"135":{"start":{"line":323,"column":8},"end":{"line":324,"column":54}},"136":{"start":{"line":327,"column":6},"end":{"line":327,"column":20}},"137":{"start":{"line":333,"column":0},"end":{"line":333,"column":22}}},"branchMap":{"1":{"line":105,"type":"cond-expr","locations":[{"start":{"line":105,"column":39},"end":{"line":105,"column":40}},{"start":{"line":105,"column":43},"end":{"line":105,"column":57}}]},"2":{"line":111,"type":"cond-expr","locations":[{"start":{"line":111,"column":41},"end":{"line":111,"column":42}},{"start":{"line":111,"column":45},"end":{"line":111,"column":59}}]},"3":{"line":131,"type":"cond-expr","locations":[{"start":{"line":131,"column":40},"end":{"line":131,"column":41}},{"start":{"line":131,"column":44},"end":{"line":131,"column":48}}]},"4":{"line":137,"type":"cond-expr","locations":[{"start":{"line":138,"column":8},"end":{"line":138,"column":16}},{"start":{"line":138,"column":19},"end":{"line":138,"column":36}}]},"5":{"line":142,"type":"if","locations":[{"start":{"line":142,"column":6},"end":{"line":142,"column":6}},{"start":{"line":142,"column":6},"end":{"line":142,"column":6}}]},"6":{"line":142,"type":"binary-expr","locations":[{"start":{"line":142,"column":10},"end":{"line":142,"column":16}},{"start":{"line":142,"column":20},"end":{"line":142,"column":43}}]},"7":{"line":154,"type":"if","locations":[{"start":{"line":154,"column":6},"end":{"line":154,"column":6}},{"start":{"line":154,"column":6},"end":{"line":154,"column":6}}]},"8":{"line":176,"type":"if","locations":[{"start":{"line":176,"column":4},"end":{"line":176,"column":4}},{"start":{"line":176,"column":4},"end":{"line":176,"column":4}}]},"9":{"line":178,"type":"if","locations":[{"start":{"line":178,"column":6},"end":{"line":178,"column":6}},{"start":{"line":178,"column":6},"end":{"line":178,"column":6}}]},"10":{"line":194,"type":"if","locations":[{"start":{"line":194,"column":6},"end":{"line":194,"column":6}},{"start":{"line":194,"column":6},"end":{"line":194,"column":6}}]},"11":{"line":203,"type":"if","locations":[{"start":{"line":203,"column":4},"end":{"line":203,"column":4}},{"start":{"line":203,"column":4},"end":{"line":203,"column":4}}]},"12":{"line":203,"type":"binary-expr","locations":[{"start":{"line":203,"column":8},"end":{"line":203,"column":12}},{"start":{"line":203,"column":16},"end":{"line":203,"column":23}}]},"13":{"line":209,"type":"switch","locations":[{"start":{"line":210,"column":6},"end":{"line":215,"column":14}},{"start":{"line":216,"column":6},"end":{"line":218,"column":14}},{"start":{"line":219,"column":6},"end":{"line":220,"column":53}}]},"14":{"line":223,"type":"if","locations":[{"start":{"line":223,"column":4},"end":{"line":223,"column":4}},{"start":{"line":223,"column":4},"end":{"line":223,"column":4}}]},"15":{"line":240,"type":"if","locations":[{"start":{"line":240,"column":4},"end":{"line":240,"column":4}},{"start":{"line":240,"column":4},"end":{"line":240,"column":4}}]},"16":{"line":245,"type":"if","locations":[{"start":{"line":245,"column":4},"end":{"line":245,"column":4}},{"start":{"line":245,"column":4},"end":{"line":245,"column":4}}]},"17":{"line":248,"type":"binary-expr","locations":[{"start":{"line":248,"column":11},"end":{"line":248,"column":17}},{"start":{"line":248,"column":21},"end":{"line":248,"column":25}}]},"18":{"line":259,"type":"if","locations":[{"start":{"line":259,"column":4},"end":{"line":259,"column":4}},{"start":{"line":259,"column":4},"end":{"line":259,"column":4}}]},"19":{"line":260,"type":"if","locations":[{"start":{"line":260,"column":6},"end":{"line":260,"column":6}},{"start":{"line":260,"column":6},"end":{"line":260,"column":6}}]},"20":{"line":268,"type":"cond-expr","locations":[{"start":{"line":268,"column":28},"end":{"line":268,"column":45}},{"start":{"line":268,"column":48},"end":{"line":268,"column":50}}]},"21":{"line":276,"type":"if","locations":[{"start":{"line":276,"column":4},"end":{"line":276,"column":4}},{"start":{"line":276,"column":4},"end":{"line":276,"column":4}}]},"22":{"line":278,"type":"if","locations":[{"start":{"line":278,"column":6},"end":{"line":278,"column":6}},{"start":{"line":278,"column":6},"end":{"line":278,"column":6}}]},"23":{"line":290,"type":"binary-expr","locations":[{"start":{"line":290,"column":11},"end":{"line":290,"column":15}},{"start":{"line":290,"column":19},"end":{"line":290,"column":23}}]},"24":{"line":313,"type":"if","locations":[{"start":{"line":313,"column":4},"end":{"line":313,"column":4}},{"start":{"line":313,"column":4},"end":{"line":313,"column":4}}]},"25":{"line":322,"type":"if","locations":[{"start":{"line":322,"column":6},"end":{"line":322,"column":6}},{"start":{"line":322,"column":6},"end":{"line":322,"column":6}}]},"26":{"line":322,"type":"binary-expr","locations":[{"start":{"line":322,"column":9},"end":{"line":322,"column":24}},{"start":{"line":322,"column":28},"end":{"line":322,"column":45}}]}},"code":["/*"," * Jake JavaScript build tool"," * Copyright 2112 Matthew Eernisse (mde@fleegix.org)"," *"," * Licensed under the Apache License, Version 2.0 (the \"License\");"," * you may not use this file except in compliance with the License."," * You may obtain a copy of the License at"," *"," *         http://www.apache.org/licenses/LICENSE-2.0"," *"," * Unless required by applicable law or agreed to in writing, software"," * distributed under the License is distributed on an \"AS IS\" BASIS,"," * WITHOUT WARRANTIES OR CONDITIONS OF ANY KIND, either express or implied."," * See the License for the specific language governing permissions and"," * limitations under the License."," *","*/","","var EventEmitter = require('events').EventEmitter;","// And so it begins","global.jake = new EventEmitter();","","var fs = require('fs')","  , path = require('path')","  , chalk = require('chalk')","  , taskNs = require('./task')","  , Task = taskNs.Task","  , FileTask = taskNs.FileTask","  , DirectoryTask = taskNs.DirectoryTask","  , Rule = require('./rule').Rule","  , Namespace = require('./namespace').Namespace","  , api = require('./api')","  , utils = require('./utils')","  , Program = require('./program').Program","  , Loader = require('./loader').Loader","  , pkg = JSON.parse(fs.readFileSync(__dirname + '/../package.json').toString());","","var MAX_RULE_RECURSION_LEVEL = 16;","","var Invocation = function (taskName, args) {","  this.taskName = taskName;","  this.args = args;","};","","// Globalize jake and top-level API methods (e.g., `task`, `desc`)","utils.mixin(global, api);","","// Copy utils onto base jake","utils.mixin(jake, utils);","// File utils should be aliased directly on base jake as well","utils.mixin(jake, utils.file);","","// Also add top-level API methods to exported object for those who don't want to","//   use the globals (`file` here will overwrite the 'file' utils namespace)","utils.mixin(jake, api);","","utils.mixin(jake, new (function () {","","  this._invocationChain = [];","","  // Private variables","  // =================","  // Local reference for scopage","  var self = this;","","  // Public properties","  // =================","  this.version = pkg.version;","  // Used when Jake exits with a specific error-code","  this.errorCode = undefined;","  // Loads Jakefiles/jakelibdirs","  this.loader = new Loader();","  // Name/value map of all the various tasks defined in a Jakefile.","  // Non-namespaced tasks are placed into 'default.'","  this.defaultNamespace = new Namespace('default', null);","  // For namespaced tasks -- tasks with no namespace are put into the","  // 'default' namespace so lookup code can work the same for both","  // namespaced and non-namespaced.","  this.currentNamespace = this.defaultNamespace;","  // Saves the description created by a 'desc' call that prefaces a","  // 'task' call that defines a task.","  this.currentTaskDescription = null;","  this.program = new Program();","  this.FileList = require('filelist').FileList;","  this.PackageTask = require('./package_task').PackageTask;","  this.PublishTask = require('./publish_task').PublishTask;","  this.WatchTask = require('./watch_task').WatchTask;","  this.TestTask = require('./test_task').TestTask;","  this.Task = Task;","  this.FileTask = FileTask;","  this.DirectoryTask = DirectoryTask;","  this.Namespace = Namespace;","  this.Rule = Rule;","","  this.parseAllTasks = function () {","    var _parseNs = function (name, ns) {","      var nsTasks = ns.tasks","        , task","        , nsNamespaces = ns.childNamespaces","        , fullName;","      // Iterate through the tasks in each namespace","      for (var q in nsTasks) {","        task = nsTasks[q];","        // Prefix namespaced tasks","        fullName = name == 'default' ? q : name + ':' + q;","        // Save with 'taskname' or 'namespace:taskname' key","        task.fullName = fullName;","        jake.Task[fullName] = task;","      }","      for (var p in nsNamespaces) {","        fullName = (name == 'default') ? p : name + ':' + p;","        _parseNs(fullName, nsNamespaces[p]);","      }","    };","","    _parseNs('default', jake.defaultNamespace);","  };","","  /**","   * Displays the list of descriptions avaliable for tasks defined in","   * a Jakefile","   */","  this.showAllTaskDescriptions = function (f) {","    var p","      , maxTaskNameLength = 0","      , task","      , str = ''","      , padding","      , name","      , descr","      , filter = typeof f == 'string' ? f : null;","","    for (p in jake.Task) {","      task = jake.Task[p];","      // Record the length of the longest task name -- used for","      // pretty alignment of the task descriptions","      maxTaskNameLength = p.length > maxTaskNameLength ?","        p.length : maxTaskNameLength;","    }","    // Print out each entry with descriptions neatly aligned","    for (p in jake.Task) {","      if (filter && p.indexOf(filter) == -1) {","        continue;","      }","      task = jake.Task[p];","","      //name = '\\033[32m' + p + '\\033[39m ';","      name = chalk.green(p);","","      // Create padding-string with calculated length","      padding = (new Array(maxTaskNameLength - p.length + 2)).join(' ');","","      descr = task.description;","      if (descr) {","        descr = chalk.gray(descr);","        console.log('jake ' + name + padding + descr);","      }","    }","  };","","  this.createTask = function () {","    var args = Array.prototype.slice.call(arguments)","      , arg","      , obj","      , task","      , type","      , name","      , action","      , opts = {}","      , prereqs = [];","","      type = args.shift();","","    // name, [deps], [action]","    // Name (string) + deps (array) format","    if (typeof args[0] == 'string') {","      name = args.shift();","      if (Array.isArray(args[0])) {","        prereqs = args.shift();","      }","    }","    // name:deps, [action]","    // Legacy object-literal syntax, e.g.: {'name': ['depA', 'depB']}","    else {","      obj = args.shift();","      for (var p in obj) {","        prereqs = prereqs.concat(obj[p]);","        name = p;","      }","    }","","    // Optional opts/callback or callback/opts","    while ((arg = args.shift())) {","      if (typeof arg == 'function') {","        action = arg;","      }","      else {","        opts = arg;","      }","    }","","    task = jake.currentNamespace.resolveTask(name);","    if (task && !action) {","      // Task already exists and no action, just update prereqs, and return it.","      task.prereqs = task.prereqs.concat(prereqs);","      return task;","    }","","    switch (type) {","      case 'directory':","        action = function () {","          jake.mkdirP(name);","        };","        task = new DirectoryTask(name, prereqs, action, opts);","        break;","      case 'file':","        task = new FileTask(name, prereqs, action, opts);","        break;","      default:","        task = new Task(name, prereqs, action, opts);","    }","","    if (jake.currentTaskDescription) {","      task.description = jake.currentTaskDescription;","      jake.currentTaskDescription = null;","    }","    jake.currentNamespace.tasks[name] = task;","    task.namespace = jake.currentNamespace;","","    // FIXME: Should only need to add a new entry for the current","    // task-definition, not reparse the entire structure","    jake.parseAllTasks();","","    return task;","  };","","  this.attemptRule = function (name, ns, level) {","    var prereqRule","      , prereq;","    if (level > MAX_RULE_RECURSION_LEVEL) {","      return null;","    }","    // Check Rule","    prereqRule = ns.matchRule(name);","    if (prereqRule) {","      prereq = prereqRule.createTask(name, level);","    }","    return prereq || null;","  };","","  this.createPlaceholderFileTask = function (name, namespace) {","    var nsPath = ''","      , filePath = name.split(':').pop() // Strip any namespace","      , parts","      , fileTaskName","      , task","      , stats;","","    if (namespace) {","      if (typeof namespace == 'string') {","        nsPath = namespace;","      }","      else {","        nsPath = namespace.path;","      }","    }","","    parts = nsPath.length ? nsPath.split(':') : [];","    parts.push(filePath);","    fileTaskName = parts.join(':');","","    task = jake.Task[fileTaskName];","","    // If there's not already an existing dummy FileTask for it,","    // create one","    if (!task) {","      // Create a dummy FileTask only if file actually exists","      if (fs.existsSync(filePath)) {","        stats = fs.statSync(filePath);","        task = new jake.FileTask(filePath);","        task.fullName = fileTaskName;","        task.modTime = stats.mtime;","        task.dummy = true;","        // Put this dummy Task in the global Tasks list so","        // modTime will be eval'd correctly","        jake.Task[fileTaskName] = task;","      }","    }","","    return task || null;","  };","","","  this.init = function () {","    var self = this;","    process.addListener('uncaughtException', function (err) {","      self.program.handleErr(err);","    });","","  };","","  this.run = function () {","    var args = Array.prototype.slice.call(arguments)","      , program = this.program","      , loader = this.loader","      , preempt","      , opts;","","    program.parseArgs(args);","    program.init();","","    preempt = program.firstPreemptiveOption();","    if (preempt) {","      preempt();","    }","    else {","      opts = program.opts;","      // Load Jakefile and jakelibdir files","      var jakefileLoaded = loader.loadFile(opts.jakefile);","      var jakelibdirLoaded = loader.loadDirectory(opts.jakelibdir);","","      if(!jakefileLoaded && !jakelibdirLoaded) {","        fail('No Jakefile. Specify a valid path with -f/--jakefile, ' +","            'or place one in the current directory.');","      }","","      program.run();","    }","  };","","})());","","module.exports = jake;",""],"l":{"19":1,"21":1,"23":1,"38":1,"40":1,"41":0,"42":0,"46":1,"49":1,"51":1,"55":1,"57":1,"59":1,"64":1,"68":1,"70":1,"72":1,"75":1,"79":1,"82":1,"83":1,"84":1,"85":1,"86":1,"87":1,"88":1,"89":1,"90":1,"91":1,"92":1,"93":1,"95":1,"96":0,"97":0,"102":0,"103":0,"105":0,"107":0,"108":0,"110":0,"111":0,"112":0,"116":0,"123":1,"124":0,"133":0,"134":0,"137":0,"141":0,"142":0,"143":0,"145":0,"148":0,"151":0,"153":0,"154":0,"155":0,"156":0,"161":1,"162":0,"172":0,"176":0,"177":0,"178":0,"179":0,"185":0,"186":0,"187":0,"188":0,"193":0,"194":0,"195":0,"198":0,"202":0,"203":0,"205":0,"206":0,"209":0,"211":0,"212":0,"214":0,"215":0,"217":0,"218":0,"220":0,"223":0,"224":0,"225":0,"227":0,"228":0,"232":0,"234":0,"237":1,"238":0,"240":0,"241":0,"244":0,"245":0,"246":0,"248":0,"251":1,"252":0,"259":0,"260":0,"261":0,"264":0,"268":0,"269":0,"270":0,"272":0,"276":0,"278":0,"279":0,"280":0,"281":0,"282":0,"283":0,"286":0,"290":0,"294":1,"295":0,"296":0,"297":0,"302":1,"303":2,"309":2,"310":2,"312":2,"313":2,"314":0,"317":2,"319":2,"320":2,"322":2,"323":2,"327":0,"333":1}},"/home/travis/build/npmtest/node-npmtest-jake/node_modules/jake/lib/task/index.js":{"path":"/home/travis/build/npmtest/node-npmtest-jake/node_modules/jake/lib/task/index.js","s":{"1":1,"2":1,"3":1,"4":1},"b":{},"f":{},"fnMap":{},"statementMap":{"1":{"start":{"line":2,"column":0},"end":{"line":4,"column":62}},"2":{"start":{"line":6,"column":0},"end":{"line":6,"column":20}},"3":{"start":{"line":7,"column":0},"end":{"line":7,"column":28}},"4":{"start":{"line":8,"column":0},"end":{"line":8,"column":38}}},"branchMap":{},"code":["","var Task = require('./task').Task","  , FileTask = require('./file_task').FileTask","  , DirectoryTask = require('./directory_task').DirectoryTask;","","exports.Task = Task;","exports.FileTask = FileTask;","exports.DirectoryTask = DirectoryTask;","",""],"l":{"2":1,"6":1,"7":1,"8":1}},"/home/travis/build/npmtest/node-npmtest-jake/node_modules/jake/lib/task/task.js":{"path":"/home/travis/build/npmtest/node-npmtest-jake/node_modules/jake/lib/task/task.js","s":{"1":1,"2":1,"3":1,"4":1,"5":0,"6":1,"7":1,"8":1,"9":0,"10":0,"11":0,"12":0,"13":0,"14":1,"15":0,"16":0,"17":0,"18":0,"19":0,"20":0,"21":0,"22":0,"23":0,"24":0,"25":0,"26":0,"27":0,"28":0,"29":0,"30":0,"31":0,"32":0,"33":0,"34":0,"35":0,"36":1,"37":0,"38":0,"39":0,"40":1,"41":0,"42":0,"43":0,"44":0,"45":1,"46":0,"47":0,"48":0,"49":0,"50":0,"51":0,"52":0,"53":0,"54":0,"55":0,"56":0,"57":0,"58":0,"59":0,"60":0,"61":0,"62":0,"63":0,"64":0,"65":0,"66":0,"67":0,"68":1,"69":0,"70":0,"71":0,"72":0,"73":0,"74":0,"75":0,"76":0,"77":0,"78":0,"79":0,"80":0,"81":0,"82":1,"83":0,"84":0,"85":0,"86":0,"87":0,"88":0,"89":0,"90":0,"91":0,"92":1,"93":0,"94":0,"95":0,"96":0,"97":0,"98":0,"99":1,"100":0,"101":0,"102":0,"103":1,"104":0,"105":0,"106":0,"107":0,"108":0,"109":0,"110":0,"111":0,"112":0,"113":0,"114":0,"115":0,"116":0,"117":0,"118":0,"119":0,"120":0,"121":1,"122":0,"123":0,"124":0,"125":0,"126":0,"127":0,"
[...]
mn":0},"end":{"line":273,"column":2}},"3":{"start":{"line":48,"column":2},"end":{"line":52,"column":33}},"4":{"start":{"line":61,"column":2},"end":{"line":61,"column":25}},"5":{"start":{"line":69,"column":2},"end":{"line":69,"column":39}},"6":{"start":{"line":77,"column":2},"end":{"line":77,"column":30}},"7":{"start":{"line":85,"column":2},"end":{"line":85,"column":22}},"8":{"start":{"line":93,"column":2},"end":{"line":93,"column":25}},"9":{"start":{"line":95,"column":2},"end":{"line":97,"column":3}},"10":{"start":{"line":96,"column":4},"end":{"line":96,"column":26}},"11":{"start":{"line":99,"column":2},"end":{"line":101,"column":3}},"12":{"start":{"line":100,"column":4},"end":{"line":100,"column":38}},"13":{"start":{"line":103,"column":2},"end":{"line":110,"column":5}},"14":{"start":{"line":104,"column":4},"end":{"line":104,"column":46}},"15":{"start":{"line":105,"column":4},"end":{"line":107,"column":7}},"16":{"start":{"line":106,"column":6},"end":{"line":106,"column":17}},"17":{"start":{"line":109,"column":4},"end":{"line":109,"column":33}},"18":{"start":{"line":112,"column":2},"end":{"line":270,"column":5}},"19":{"start":{"line":114,"column":4},"end":{"line":269,"column":7}},"20":{"start":{"line":115,"column":6},"end":{"line":117,"column":20}},"21":{"start":{"line":121,"column":5},"end":{"line":121,"column":51}},"22":{"start":{"line":123,"column":6},"end":{"line":123,"column":27}},"23":{"start":{"line":125,"column":6},"end":{"line":134,"column":13}},"24":{"start":{"line":127,"column":8},"end":{"line":127,"column":28}},"25":{"start":{"line":130,"column":8},"end":{"line":132,"column":9}},"26":{"start":{"line":131,"column":10},"end":{"line":131,"column":20}},"27":{"start":{"line":133,"column":8},"end":{"line":133,"column":17}},"28":{"start":{"line":137,"column":6},"end":{"line":267,"column":9}},"29":{"start":{"line":139,"column":8},"end":{"line":185,"column":21}},"30":{"start":{"line":142,"column":14},"end":{"line":142,"column":25}},"31":{"start":{"line":148,"column":14},"end":{"line":149,"column":44}},"32":{"start":{"line":153,"column":14},"end":{"line":155,"column":17}},"33":{"start":{"line":156,"column":14},"end":{"line":158,"column":17}},"34":{"start":{"line":157,"column":16},"end":{"line":157,"column":37}},"35":{"start":{"line":164,"column":14},"end":{"line":182,"column":16}},"36":{"start":{"line":165,"column":16},"end":{"line":166,"column":24}},"37":{"start":{"line":167,"column":16},"end":{"line":169,"column":17}},"38":{"start":{"line":168,"column":18},"end":{"line":168,"column":28}},"39":{"start":{"line":170,"column":16},"end":{"line":179,"column":17}},"40":{"start":{"line":172,"column":18},"end":{"line":177,"column":19}},"41":{"start":{"line":173,"column":20},"end":{"line":173,"column":28}},"42":{"start":{"line":176,"column":20},"end":{"line":176,"column":38}},"43":{"start":{"line":178,"column":18},"end":{"line":178,"column":37}},"44":{"start":{"line":181,"column":16},"end":{"line":181,"column":40}},"45":{"start":{"line":189,"column":8},"end":{"line":246,"column":11}},"46":{"start":{"line":190,"column":10},"end":{"line":193,"column":22}},"47":{"start":{"line":197,"column":10},"end":{"line":245,"column":13}},"48":{"start":{"line":198,"column":12},"end":{"line":199,"column":25}},"49":{"start":{"line":201,"column":12},"end":{"line":201,"column":54}},"50":{"start":{"line":202,"column":12},"end":{"line":202,"column":48}},"51":{"start":{"line":203,"column":12},"end":{"line":203,"column":49}},"52":{"start":{"line":206,"column":12},"end":{"line":210,"column":13}},"53":{"start":{"line":207,"column":14},"end":{"line":207,"column":50}},"54":{"start":{"line":209,"column":14},"end":{"line":209,"column":47}},"55":{"start":{"line":213,"column":12},"end":{"line":236,"column":13}},"56":{"start":{"line":214,"column":14},"end":{"line":217,"column":15}},"57":{"start":{"line":216,"column":16},"end":{"line":216,"column":25}},"58":{"start":{"line":219,"column":14},"end":{"line":223,"column":15}},"59":{"start":{"line":220,"column":16},"end":{"line":220,"column":61}},"60":{"start":{"line":222,"column":16},"end":{"line":222,"column":62}},"61":{"start":{"line":227,"column":14},"end":{"line":227,"column":43}},"62":{"start":{"line":229,"column":14},"end":{"line":229,"column":36}},"63":{"start":{"line":231,"column":14},"end":{"line":235,"column":15}},"64":{"start":{"line":232,"column":16},"end":{"line":232,"column":60}},"65":{"start":{"line":234,"column":16},"end":{"line":234,"column":60}},"66":{"start":{"line":239,"column":12},"end":{"line":243,"column":13}},"67":{"start":{"line":240,"column":14},"end":{"line":240,"column":49}},"68":{"start":{"line":242,"column":14},"end":{"line":242,"column":45}},"69":{"start":{"line":248,"column":8},"end":{"line":248,"column":41}},"70":{"start":{"line":249,"column":8},"end":{"line":255,"column":11}},"71":{"start":{"line":252,"column":10},"end":{"line":254,"column":11}},"72":{"start":{"line":253,"column":12},"end":{"line":253,"column":76}},"73":{"start":{"line":260,"column":8},"end":{"line":260,"column":44}},"74":{"start":{"line":261,"column":8},"end":{"line":264,"column":11}},"75":{"start":{"line":262,"column":10},"end":{"line":262,"column":56}},"76":{"start":{"line":263,"column":10},"end":{"line":263,"column":21}},"77":{"start":{"line":266,"column":8},"end":{"line":266,"column":26}},"78":{"start":{"line":275,"column":0},"end":{"line":275,"column":25}},"79":{"start":{"line":276,"column":0},"end":{"line":276,"column":28}}},"branchMap":{"1":{"line":52,"type":"binary-expr","locations":[{"start":{"line":52,"column":16},"end":{"line":52,"column":26}},{"start":{"line":52,"column":30},"end":{"line":52,"column":32}}]},"2":{"line":95,"type":"if","locations":[{"start":{"line":95,"column":2},"end":{"line":95,"column":2}},{"start":{"line":95,"column":2},"end":{"line":95,"column":2}}]},"3":{"line":99,"type":"if","locations":[{"start":{"line":99,"column":2},"end":{"line":99,"column":2}},{"start":{"line":99,"column":2},"end":{"line":99,"column":2}}]},"4":{"line":115,"type":"binary-expr","locations":[{"start":{"line":115,"column":14},"end":{"line":115,"column":17}},{"start":{"line":115,"column":21},"end":{"line":115,"column":25}}]},"5":{"line":130,"type":"if","locations":[{"start":{"line":130,"column":8},"end":{"line":130,"column":8}},{"start":{"line":130,"column":8},"end":{"line":130,"column":8}}]},"6":{"line":167,"type":"if","locations":[{"start":{"line":167,"column":16},"end":{"line":167,"column":16}},{"start":{"line":167,"column":16},"end":{"line":167,"column":16}}]},"7":{"line":170,"type":"if","locations":[{"start":{"line":170,"column":16},"end":{"line":170,"column":16}},{"start":{"line":170,"column":16},"end":{"line":170,"column":16}}]},"8":{"line":170,"type":"binary-expr","locations":[{"start":{"line":170,"column":22},"end":{"line":170,"column":35}},{"start":{"line":170,"column":39},"end":{"line":170,"column":51}},{"start":{"line":171,"column":20},"end":{"line":171,"column":42}},{"start":{"line":171,"column":46},"end":{"line":171,"column":67}}]},"9":{"line":172,"type":"if","locations":[{"start":{"line":172,"column":18},"end":{"line":172,"column":18}},{"start":{"line":172,"column":18},"end":{"line":172,"column":18}}]},"10":{"line":206,"type":"if","locations":[{"start":{"line":206,"column":12},"end":{"line":206,"column":12}},{"start":{"line":206,"column":12},"end":{"line":206,"column":12}}]},"11":{"line":214,"type":"if","locations":[{"start":{"line":214,"column":14},"end":{"line":214,"column":14}},{"start":{"line":214,"column":14},"end":{"line":214,"column":14}}]},"12":{"line":214,"type":"binary-expr","locations":[{"start":{"line":214,"column":18},"end":{"line":214,"column":31}},{"start":{"line":214,"column":35},"end":{"line":214,"column":47}},{"start":{"line":215,"column":18},"end":{"line":215,"column":35}},{"start":{"line":215,"column":39},"end":{"line":215,"column":55}}]},"13":{"line":219,"type":"if","locations":[{"start":{"line":219,"column":14},"end":{"line":219,"column":14}},{"start":{"line":219,"column":14},"end":{"line":219,"column":14}}]},"14":{"line":231,"type":"if","locations":[{"start":{"line":231,"column":14},"end":{"line":231,"column":14}},{"start":{"line":231,"column":14},"end":{"line":231,"column":14}}]},"15":{"line":239,"type":"if","locations":[{"start":{"line":239,"column":12},"end":{"line":239,"column":12}},{"start":{"line":239,"column":12},"end":{"line":239,"column":12}}]},"16":{"line":252,"type":"if","locations":[{"start":{"line":252,"column":10},"end":{"line":252,"column":10}},{"start":{"line":252,"column":10},"end":{"line":252,"column":10}}]},"17":{"line":252,"type":"binary-expr","locations":[{"start":{"line":252,"column":14},"end":{"line":252,"column":29}},{"start":{"line":252,"column":34},"end":{"line":252,"column":70}}]}},"code":["/*"," * Jake JavaScript build tool"," * Copyright 2112 Matthew Eernisse (mde@fleegix.org)"," *"," * Licensed under the Apache License, Version 2.0 (the \"License\");"," * you may not use this file except in compliance with the License."," * You may obtain a copy of the License at"," *"," *         http://www.apache.org/licenses/LICENSE-2.0"," *"," * Unless required by applicable law or agreed to in writing, software"," * distributed under the License is distributed on an \"AS IS\" BASIS,"," * WITHOUT WARRANTIES OR CONDITIONS OF ANY KIND, either express or implied."," * See the License for the specific language governing permissions and"," * limitations under the License."," *","*/","","var path = require('path')","  , fs = require('fs')","  , exec = require('child_process').exec","  , currDir = process.cwd();","","/**","  @name jake","  @namespace jake","*/","/**","  @name jake.TestTask","  @constructor","  @description Instantiating a TestTask creates a number of Jake","  Tasks that make running tests for your software easy.","","  @param {String} name The name of the project","  @param {Function} definition Defines the list of files containing the tests,","  and the name of the namespace/task for running them. Will be executed on the","  instantiated TestTask (i.e., 'this', will be the TestTask instance), to set","  the various instance-propertiess.","","  @example","  var t = new jake.TestTask('bij-js', function () {","    this.testName = 'testSpecial';","    this.testFiles.include('test/**');","  });",""," */","var TestTask = function () {","  var self = this","    , args = Array.prototype.slice.call(arguments)","    , name = args.shift()","    , definition = args.pop()","    , prereqs = args.pop() || [];","","  /**","    @name jake.TestTask#testNam","    @public","    @type {String}","    @description The name of the namespace to place the tests in, and","    the top-level task for running tests. Defaults to \"test\"","   */","  this.testName = 'test';","","  /**","    @name jake.TestTask#testFiles","    @public","    @type {jake.FileList}","    @description The list of files containing tests to load","   */","  this.testFiles = new jake.FileList();","","  /**","    @name jake.TestTask#showDescription","    @public","    @type {Boolean}","    @description Show the created task when doing Jake -T","   */","  this.showDescription = true;","","  /*","    @name jake.TestTask#totalTests","    @public","    @type {Number}","    @description The total number of tests to run","  */","  this.totalTests = 0;","","  /*","    @name jake.TestTask#executedTests","    @public","    @type {Number}","    @description The number of tests successfully run","  */","  this.executedTests = 0;","","  if (typeof definition == 'function') {","    definition.call(this);","  }","","  if (this.showDescription) {","    desc('Run the tests for ' + name);","  }","","  task(this.testName, prereqs, {async: true}, function () {","    var t = jake.Task[self.testName + ':run'];","    t.on('complete', function () {","      complete();","    });","    // Pass args to the namespaced test","    t.invoke.apply(t, arguments);","  });","","  namespace(self.testName, function () {","","    task('run', {async: true}, function (pat) {","      var p = pat || '.*'","        , re","        , testFiles;","","      // Don't nest; make a top-level namespace. Don't want","      // re-calling from inside to nest infinitely","     jake.currentNamespace = jake.defaultNamespace;","","      re = new RegExp(pat);","      // Get test files that match the passed-in pattern","      testFiles = self.testFiles.toArray()","          .filter(function (f) {","        return (re).test(f);","      }) // Don't load the same file multiple times -- should this be in FileList?","          .reduce(function(p, c) {","        if (p.indexOf(c) < 0) {","          p.push(c);","        }","        return p;","      }, []);","","      // Create a namespace for all the testing tasks to live in","      namespace(self.testName + 'Exec', function () {","        // Each test will be a prereq for the dummy top-level task","        var prereqs = []","        // Continuation to pass to the async tests, wrapping `continune`","          , next = function () {","              complete();","            }","        // Create the task for this test-function","          , createTask = function (name, action) {","              // If the test-function is defined with a continuation","              // param, flag the task as async","              var t","                , isAsync = !!action.length;","","              // Define the actual namespaced task with the name, the","              // wrapped action, and the correc async-flag","              t = task(name, createAction(name, action), {","                async: isAsync","              });","              t.once('complete', function () {","                self.executedTests++;","              });","            }","        // Used as the action for the defined task for each test.","          , createAction = function (n, a) {","              // A wrapped function that passes in the `next` function","              // for any tasks that run asynchronously","              return function () {","                var cb","                  , msg;","                if (a.length) {","                  cb = next;","                }","                if (!(n == 'before' || n == 'after' ||","                    /_beforeEach$/.test(n) || /_afterEach$/.test(n))) {","                  if (n.toLowerCase().indexOf('test') === 0) {","                    msg = n;","                  }","                  else {","                    msg = 'test ' + n;","                  }","                  jake.logger.log(n);","                }","                // 'this' will be the task when action is run","                return a.call(this, cb);","              };","            }","          // Dummy top-level task for everything to be prereqs for","          , topLevel;","","        // Pull in each test-file, and iterate over any exported","        // test-functions. Register each test-function as a prereq task","        testFiles.forEach(function (file) {","          var exp = require(path.join(currDir, file))","            , name","            , action","            , isAsync;","","          // Create a namespace for each filename, so test-name collisions","          // won't be a problem","          namespace(file, function () {","            var testPrefix = self.testName + 'Exec:' + file + ':'","              , testName;","            // Dummy task for displaying file banner","            testName = '*** Running ' + file + ' ***';","            prereqs.push(testPrefix + testName);","            createTask(testName, function () {});","","            // 'before' setup","            if (typeof exp.before == 'function') {","              prereqs.push(testPrefix + 'before');","              // Create the task","              createTask('before', exp.before);","            }","","            // Walk each exported function, and create a task for each","            for (var p in exp) {","              if (p == 'before' || p == 'after' ||","                  p == 'beforeEach' || p == 'afterEach') {","                continue;","              }","","              if (typeof exp.beforeEach == 'function') {","                prereqs.push(testPrefix + p + '_beforeEach');","                // Create the task","                createTask(p + '_beforeEach', exp.beforeEach);","              }","","              // Add the namespace:name of this test to the list of prereqs","              // for the dummy top-level task","              prereqs.push(testPrefix + p);","              // Create the task","              createTask(p, exp[p]);","","              if (typeof exp.afterEach == 'function') {","                prereqs.push(testPrefix + p + '_afterEach');","                // Create the task","                createTask(p + '_afterEach', exp.afterEach);","              }","            }","","            // 'after' teardown","            if (typeof exp.after == 'function') {","              prereqs.push(testPrefix + 'after');","              // Create the task","              createTask('after', exp.after);","            }","","          });","        });","","        self.totalTests = prereqs.length;","        process.on('exit', function () {","          // Throw in the case where the process exits without","          // finishing tests, but no error was thrown","          if (!jake.errorCode && (self.totalTests > self.executedTests)) {","            throw new Error('Process exited without all tests completing.');","          }","        });","","        // Create the dummy top-level task. When calling a task internally","        // with `invoke` that is async (or has async prereqs), have to listen","        // for the 'complete' event to know when it's done","        topLevel = task('__top__', prereqs);","        topLevel.addListener('complete', function () {","          jake.logger.log('All tests ran successfully');","          complete();","        });","","        topLevel.invoke(); // Do the thing!","      });","","    });","  });","","","};","","jake.TestTask = TestTask;","exports.TestTask = TestTask;","",""],"l":{"19":1,"47":1,"48":0,"61":0,"69":0,"77":0,"85":0,"93":0,"95":0,"96":0,"99":0,"100":0,"103":0,"104":0,"105":0,"106":0,"109":0,"112":0,"114":0,"115":0,"121":0,"123":0,"125":0,"127":0,"130":0,"131":0,"133":0,"137":0,"139":0,"142":0,"148":0,"153":0,"156":0,"157":0,"164":0,"165":0,"167":0,"168":0,"170":0,"172":0,"173":0,"176":0,"178":0,"181":0,"189":0,"190":0,"197":0,"198":0,"201":0,"202":0,"203":0,"206":0,"207":0,"209":0,"213":0,"214":0,"216":0,"219":0,"220":0,"222":0,"227":0,"229":0,"231":0,"232":0,"234":0,"239":0,"240":0,"242":0,"248":0,"249":0,"252":0,"253":0,"260":0,"261":0,"262":0,"263":0,"266":0,"275":1,"276":1}},"/home/travis/build/npmtest/node-npmtest-jake/node_modules/jake/bin/cli.js":{"path":"/home/travis/build/npmtest/node-npmtest-jake/node_modules/jake/bin/cli.js","s":{"1":2,"2":2,"3":2},"b":{},"f":{},"fnMap":{},"statementMap":{"1":{"start":{"line":21,"column":0},"end":{"line":21,"column":23}},"2":{"start":{"line":23,"column":0},"end":{"line":23,"column":33}},"3":{"start":{"line":25,"column":0},"end":{"line":25,"column":27}}},"branchMap":{},"code":["//#!/usr/bin/env node","/*"," * Jake JavaScript build tool"," * Copyright 2112 Matthew Eernisse (mde@fleegix.org)"," *"," * Licensed under the Apache License, Version 2.0 (the \"License\");"," * you may not use this file except in compliance with the License."," * You may obtain a copy of the License at"," *"," *         http://www.apache.org/licenses/LICENSE-2.0"," *"," * Unless required by applicable law or agreed to in writing, software"," * distributed under the License is distributed on an \"AS IS\" BASIS,"," * WITHOUT WARRANTIES OR CONDITIONS OF ANY KIND, either express or implied."," * See the License for the specific language governing permissions and"," * limitations under the License."," *","*/","","// Load `jake` global","require('../lib/jake');","","var args = process.argv.slice(2);","","jake.run.apply(jake, args);",""],"l":{"21":2,"23":2,"25":2}}}